[  3%] Built target isaac_ros_pointcloud_interfaces__cpp
[  9%] Built target generate_version_info_target_isaac_ros_pointcloud_interfaces
[ 15%] Built target isaac_ros_pointcloud_interfaces__rosidl_generator_c
[ 15%] Built target ament_cmake_python_copy_isaac_ros_pointcloud_interfaces
[ 25%] Built target isaac_ros_pointcloud_interfaces__rosidl_typesupport_introspection_cpp
[ 43%] Built target isaac_ros_pointcloud_interfaces__rosidl_typesupport_introspection_c
[ 43%] Built target isaac_ros_pointcloud_interfaces__rosidl_typesupport_cpp
[ 53%] Built target isaac_ros_pointcloud_interfaces__rosidl_typesupport_fastrtps_c
[ 62%] Built target isaac_ros_pointcloud_interfaces__rosidl_typesupport_fastrtps_cpp
[ 71%] Built target isaac_ros_pointcloud_interfaces__rosidl_typesupport_c
[ 71%] Built target isaac_ros_pointcloud_interfaces
[ 75%] Built target isaac_ros_pointcloud_interfaces__py
[ 81%] Built target isaac_ros_pointcloud_interfaces__rosidl_generator_py
[ 93%] Built target isaac_ros_pointcloud_interfaces__rosidl_typesupport_introspection_c__pyext
[ 93%] Built target isaac_ros_pointcloud_interfaces__rosidl_typesupport_c__pyext
[100%] Built target isaac_ros_pointcloud_interfaces__rosidl_typesupport_fastrtps_c__pyext
running egg_info
writing isaac_ros_pointcloud_interfaces.egg-info/PKG-INFO
writing dependency_links to isaac_ros_pointcloud_interfaces.egg-info/dependency_links.txt
writing top-level names to isaac_ros_pointcloud_interfaces.egg-info/top_level.txt
reading manifest file 'isaac_ros_pointcloud_interfaces.egg-info/SOURCES.txt'
writing manifest file 'isaac_ros_pointcloud_interfaces.egg-info/SOURCES.txt'
[100%] Built target ament_cmake_python_build_isaac_ros_pointcloud_interfaces_egg
-- Install configuration: "Release"
-- Installing: /workspaces/isaac_ros-dev/install/isaac_ros_pointcloud_interfaces/share/ament_index/resource_index/rosidl_interfaces/isaac_ros_pointcloud_interfaces
-- Installing: /workspaces/isaac_ros-dev/install/isaac_ros_pointcloud_interfaces/include/isaac_ros_pointcloud_interfaces/isaac_ros_pointcloud_interfaces
-- Installing: /workspaces/isaac_ros-dev/install/isaac_ros_pointcloud_interfaces/include/isaac_ros_pointcloud_interfaces/isaac_ros_pointcloud_interfaces/msg
-- Installing: /workspaces/isaac_ros-dev/install/isaac_ros_pointcloud_interfaces/include/isaac_ros_pointcloud_interfaces/isaac_ros_pointcloud_interfaces/msg/rosidl_generator_c__visibility_control.h
-- Installing: /workspaces/isaac_ros-dev/install/isaac_ros_pointcloud_interfaces/include/isaac_ros_pointcloud_interfaces/isaac_ros_pointcloud_interfaces/msg/flat_scan.h
-- Installing: /workspaces/isaac_ros-dev/install/isaac_ros_pointcloud_interfaces/include/isaac_ros_pointcloud_interfaces/isaac_ros_pointcloud_interfaces/msg/detail
-- Installing: /workspaces/isaac_ros-dev/install/isaac_ros_pointcloud_interfaces/include/isaac_ros_pointcloud_interfaces/isaac_ros_pointcloud_interfaces/msg/detail/flat_scan__functions.h
-- Installing: /workspaces/isaac_ros-dev/install/isaac_ros_pointcloud_interfaces/include/isaac_ros_pointcloud_interfaces/isaac_ros_pointcloud_interfaces/msg/detail/flat_scan__type_support.h
-- Installing: /workspaces/isaac_ros-dev/install/isaac_ros_pointcloud_interfaces/include/isaac_ros_pointcloud_interfaces/isaac_ros_pointcloud_interfaces/msg/detail/flat_scan__functions.c
-- Installing: /workspaces/isaac_ros-dev/install/isaac_ros_pointcloud_interfaces/include/isaac_ros_pointcloud_interfaces/isaac_ros_pointcloud_interfaces/msg/detail/flat_scan__struct.h
-- Installing: /workspaces/isaac_ros-dev/install/isaac_ros_pointcloud_interfaces/share/isaac_ros_pointcloud_interfaces/environment/library_path.sh
-- Installing: /workspaces/isaac_ros-dev/install/isaac_ros_pointcloud_interfaces/share/isaac_ros_pointcloud_interfaces/environment/library_path.dsv
-- Installing: /workspaces/isaac_ros-dev/install/isaac_ros_pointcloud_interfaces/lib/libisaac_ros_pointcloud_interfaces__rosidl_generator_c.so
-- Set runtime path of "/workspaces/isaac_ros-dev/install/isaac_ros_pointcloud_interfaces/lib/libisaac_ros_pointcloud_interfaces__rosidl_generator_c.so" to ""
-- Up-to-date: /workspaces/isaac_ros-dev/install/isaac_ros_pointcloud_interfaces/include/isaac_ros_pointcloud_interfaces/isaac_ros_pointcloud_interfaces
-- Up-to-date: /workspaces/isaac_ros-dev/install/isaac_ros_pointcloud_interfaces/include/isaac_ros_pointcloud_interfaces/isaac_ros_pointcloud_interfaces/msg
-- Installing: /workspaces/isaac_ros-dev/install/isaac_ros_pointcloud_interfaces/include/isaac_ros_pointcloud_interfaces/isaac_ros_pointcloud_interfaces/msg/rosidl_typesupport_fastrtps_c__visibility_control.h
-- Up-to-date: /workspaces/isaac_ros-dev/install/isaac_ros_pointcloud_interfaces/include/isaac_ros_pointcloud_interfaces/isaac_ros_pointcloud_interfaces/msg/detail
-- Installing: /workspaces/isaac_ros-dev/install/isaac_ros_pointcloud_interfaces/include/isaac_ros_pointcloud_interfaces/isaac_ros_pointcloud_interfaces/msg/detail/flat_scan__rosidl_typesupport_fastrtps_c.h
-- Installing: /workspaces/isaac_ros-dev/install/isaac_ros_pointcloud_interfaces/lib/libisaac_ros_pointcloud_interfaces__rosidl_typesupport_fastrtps_c.so
-- Set runtime path of "/workspaces/isaac_ros-dev/install/isaac_ros_pointcloud_interfaces/lib/libisaac_ros_pointcloud_interfaces__rosidl_typesupport_fastrtps_c.so" to ""
-- Up-to-date: /workspaces/isaac_ros-dev/install/isaac_ros_pointcloud_interfaces/include/isaac_ros_pointcloud_interfaces/isaac_ros_pointcloud_interfaces
-- Up-to-date: /workspaces/isaac_ros-dev/install/isaac_ros_pointcloud_interfaces/include/isaac_ros_pointcloud_interfaces/isaac_ros_pointcloud_interfaces/msg
-- Installing: /workspaces/isaac_ros-dev/install/isaac_ros_pointcloud_interfaces/include/isaac_ros_pointcloud_interfaces/isaac_ros_pointcloud_interfaces/msg/rosidl_typesupport_introspection_c__visibility_control.h
-- Up-to-date: /workspaces/isaac_ros-dev/install/isaac_ros_pointcloud_interfaces/include/isaac_ros_pointcloud_interfaces/isaac_ros_pointcloud_interfaces/msg/detail
-- Installing: /workspaces/isaac_ros-dev/install/isaac_ros_pointcloud_interfaces/include/isaac_ros_pointcloud_interfaces/isaac_ros_pointcloud_interfaces/msg/detail/flat_scan__rosidl_typesupport_introspection_c.h
-- Installing: /workspaces/isaac_ros-dev/install/isaac_ros_pointcloud_interfaces/include/isaac_ros_pointcloud_interfaces/isaac_ros_pointcloud_interfaces/msg/detail/flat_scan__type_support.c
-- Installing: /workspaces/isaac_ros-dev/install/isaac_ros_pointcloud_interfaces/lib/libisaac_ros_pointcloud_interfaces__rosidl_typesupport_introspection_c.so
-- Set runtime path of "/workspaces/isaac_ros-dev/install/isaac_ros_pointcloud_interfaces/lib/libisaac_ros_pointcloud_interfaces__rosidl_typesupport_introspection_c.so" to ""
-- Installing: /workspaces/isaac_ros-dev/install/isaac_ros_pointcloud_interfaces/lib/libisaac_ros_pointcloud_interfaces__rosidl_typesupport_c.so
-- Set runtime path of "/workspaces/isaac_ros-dev/install/isaac_ros_pointcloud_interfaces/lib/libisaac_ros_pointcloud_interfaces__rosidl_typesupport_c.so" to ""
-- Up-to-date: /workspaces/isaac_ros-dev/install/isaac_ros_pointcloud_interfaces/include/isaac_ros_pointcloud_interfaces/isaac_ros_pointcloud_interfaces
-- Up-to-date: /workspaces/isaac_ros-dev/install/isaac_ros_pointcloud_interfaces/include/isaac_ros_pointcloud_interfaces/isaac_ros_pointcloud_interfaces/msg
-- Installing: /workspaces/isaac_ros-dev/install/isaac_ros_pointcloud_interfaces/include/isaac_ros_pointcloud_interfaces/isaac_ros_pointcloud_interfaces/msg/rosidl_generator_cpp__visibility_control.hpp
-- Installing: /workspaces/isaac_ros-dev/install/isaac_ros_pointcloud_interfaces/include/isaac_ros_pointcloud_interfaces/isaac_ros_pointcloud_interfaces/msg/flat_scan.hpp
-- Up-to-date: /workspaces/isaac_ros-dev/install/isaac_ros_pointcloud_interfaces/include/isaac_ros_pointcloud_interfaces/isaac_ros_pointcloud_interfaces/msg/detail
-- Installing: /workspaces/isaac_ros-dev/install/isaac_ros_pointcloud_interfaces/include/isaac_ros_pointcloud_interfaces/isaac_ros_pointcloud_interfaces/msg/detail/flat_scan__traits.hpp
-- Installing: /workspaces/isaac_ros-dev/install/isaac_ros_pointcloud_interfaces/include/isaac_ros_pointcloud_interfaces/isaac_ros_pointcloud_interfaces/msg/detail/flat_scan__builder.hpp
-- Installing: /workspaces/isaac_ros-dev/install/isaac_ros_pointcloud_interfaces/include/isaac_ros_pointcloud_interfaces/isaac_ros_pointcloud_interfaces/msg/detail/flat_scan__struct.hpp
-- Installing: /workspaces/isaac_ros-dev/install/isaac_ros_pointcloud_interfaces/include/isaac_ros_pointcloud_interfaces/isaac_ros_pointcloud_interfaces/msg/detail/flat_scan__type_support.hpp
-- Up-to-date: /workspaces/isaac_ros-dev/install/isaac_ros_pointcloud_interfaces/include/isaac_ros_pointcloud_interfaces/isaac_ros_pointcloud_interfaces
-- Up-to-date: /workspaces/isaac_ros-dev/install/isaac_ros_pointcloud_interfaces/include/isaac_ros_pointcloud_interfaces/isaac_ros_pointcloud_interfaces/msg
-- Installing: /workspaces/isaac_ros-dev/install/isaac_ros_pointcloud_interfaces/include/isaac_ros_pointcloud_interfaces/isaac_ros_pointcloud_interfaces/msg/rosidl_typesupport_fastrtps_cpp__visibility_control.h
-- Up-to-date: /workspaces/isaac_ros-dev/install/isaac_ros_pointcloud_interfaces/include/isaac_ros_pointcloud_interfaces/isaac_ros_pointcloud_interfaces/msg/detail
-- Installing: /workspaces/isaac_ros-dev/install/isaac_ros_pointcloud_interfaces/include/isaac_ros_pointcloud_interfaces/isaac_ros_pointcloud_interfaces/msg/detail/flat_scan__rosidl_typesupport_fastrtps_cpp.hpp
-- Installing: /workspaces/isaac_ros-dev/install/isaac_ros_pointcloud_interfaces/include/isaac_ros_pointcloud_interfaces/isaac_ros_pointcloud_interfaces/msg/detail/dds_fastrtps
-- Installing: /workspaces/isaac_ros-dev/install/isaac_ros_pointcloud_interfaces/lib/libisaac_ros_pointcloud_interfaces__rosidl_typesupport_fastrtps_cpp.so
-- Set runtime path of "/workspaces/isaac_ros-dev/install/isaac_ros_pointcloud_interfaces/lib/libisaac_ros_pointcloud_interfaces__rosidl_typesupport_fastrtps_cpp.so" to ""
-- Up-to-date: /workspaces/isaac_ros-dev/install/isaac_ros_pointcloud_interfaces/include/isaac_ros_pointcloud_interfaces/isaac_ros_pointcloud_interfaces
-- Up-to-date: /workspaces/isaac_ros-dev/install/isaac_ros_pointcloud_interfaces/include/isaac_ros_pointcloud_interfaces/isaac_ros_pointcloud_interfaces/msg
-- Up-to-date: /workspaces/isaac_ros-dev/install/isaac_ros_pointcloud_interfaces/include/isaac_ros_pointcloud_interfaces/isaac_ros_pointcloud_interfaces/msg/detail
-- Installing: /workspaces/isaac_ros-dev/install/isaac_ros_pointcloud_interfaces/include/isaac_ros_pointcloud_interfaces/isaac_ros_pointcloud_interfaces/msg/detail/flat_scan__rosidl_typesupport_introspection_cpp.hpp
-- Installing: /workspaces/isaac_ros-dev/install/isaac_ros_pointcloud_interfaces/include/isaac_ros_pointcloud_interfaces/isaac_ros_pointcloud_interfaces/msg/detail/flat_scan__type_support.cpp
-- Installing: /workspaces/isaac_ros-dev/install/isaac_ros_pointcloud_interfaces/lib/libisaac_ros_pointcloud_interfaces__rosidl_typesupport_introspection_cpp.so
-- Set runtime path of "/workspaces/isaac_ros-dev/install/isaac_ros_pointcloud_interfaces/lib/libisaac_ros_pointcloud_interfaces__rosidl_typesupport_introspection_cpp.so" to ""
-- Installing: /workspaces/isaac_ros-dev/install/isaac_ros_pointcloud_interfaces/lib/libisaac_ros_pointcloud_interfaces__rosidl_typesupport_cpp.so
-- Set runtime path of "/workspaces/isaac_ros-dev/install/isaac_ros_pointcloud_interfaces/lib/libisaac_ros_pointcloud_interfaces__rosidl_typesupport_cpp.so" to ""
-- Installing: /workspaces/isaac_ros-dev/install/isaac_ros_pointcloud_interfaces/share/isaac_ros_pointcloud_interfaces/environment/pythonpath.sh
-- Installing: /workspaces/isaac_ros-dev/install/isaac_ros_pointcloud_interfaces/share/isaac_ros_pointcloud_interfaces/environment/pythonpath.dsv
-- Installing: /workspaces/isaac_ros-dev/install/isaac_ros_pointcloud_interfaces/local/lib/python3.10/dist-packages/isaac_ros_pointcloud_interfaces-3.2.5-py3.10.egg-info
-- Installing: /workspaces/isaac_ros-dev/install/isaac_ros_pointcloud_interfaces/local/lib/python3.10/dist-packages/isaac_ros_pointcloud_interfaces-3.2.5-py3.10.egg-info/top_level.txt
-- Installing: /workspaces/isaac_ros-dev/install/isaac_ros_pointcloud_interfaces/local/lib/python3.10/dist-packages/isaac_ros_pointcloud_interfaces-3.2.5-py3.10.egg-info/SOURCES.txt
-- Installing: /workspaces/isaac_ros-dev/install/isaac_ros_pointcloud_interfaces/local/lib/python3.10/dist-packages/isaac_ros_pointcloud_interfaces-3.2.5-py3.10.egg-info/dependency_links.txt
-- Installing: /workspaces/isaac_ros-dev/install/isaac_ros_pointcloud_interfaces/local/lib/python3.10/dist-packages/isaac_ros_pointcloud_interfaces-3.2.5-py3.10.egg-info/PKG-INFO
-- Installing: /workspaces/isaac_ros-dev/install/isaac_ros_pointcloud_interfaces/local/lib/python3.10/dist-packages/isaac_ros_pointcloud_interfaces
-- Installing: /workspaces/isaac_ros-dev/install/isaac_ros_pointcloud_interfaces/local/lib/python3.10/dist-packages/isaac_ros_pointcloud_interfaces/isaac_ros_pointcloud_interfaces_s__rosidl_typesupport_introspection_c.cpython-310-x86_64-linux-gnu.so
-- Installing: /workspaces/isaac_ros-dev/install/isaac_ros_pointcloud_interfaces/local/lib/python3.10/dist-packages/isaac_ros_pointcloud_interfaces/libisaac_ros_pointcloud_interfaces__rosidl_generator_py.so
-- Installing: /workspaces/isaac_ros-dev/install/isaac_ros_pointcloud_interfaces/local/lib/python3.10/dist-packages/isaac_ros_pointcloud_interfaces/isaac_ros_pointcloud_interfaces_s__rosidl_typesupport_fastrtps_c.cpython-310-x86_64-linux-gnu.so
-- Installing: /workspaces/isaac_ros-dev/install/isaac_ros_pointcloud_interfaces/local/lib/python3.10/dist-packages/isaac_ros_pointcloud_interfaces/_isaac_ros_pointcloud_interfaces_s.ep.rosidl_typesupport_introspection_c.c
-- Installing: /workspaces/isaac_ros-dev/install/isaac_ros_pointcloud_interfaces/local/lib/python3.10/dist-packages/isaac_ros_pointcloud_interfaces/_isaac_ros_pointcloud_interfaces_s.ep.rosidl_typesupport_fastrtps_c.c
-- Installing: /workspaces/isaac_ros-dev/install/isaac_ros_pointcloud_interfaces/local/lib/python3.10/dist-packages/isaac_ros_pointcloud_interfaces/_isaac_ros_pointcloud_interfaces_s.ep.rosidl_typesupport_c.c
-- Installing: /workspaces/isaac_ros-dev/install/isaac_ros_pointcloud_interfaces/local/lib/python3.10/dist-packages/isaac_ros_pointcloud_interfaces/isaac_ros_pointcloud_interfaces_s__rosidl_typesupport_c.cpython-310-x86_64-linux-gnu.so
-- Installing: /workspaces/isaac_ros-dev/install/isaac_ros_pointcloud_interfaces/local/lib/python3.10/dist-packages/isaac_ros_pointcloud_interfaces/msg
-- Installing: /workspaces/isaac_ros-dev/install/isaac_ros_pointcloud_interfaces/local/lib/python3.10/dist-packages/isaac_ros_pointcloud_interfaces/msg/_flat_scan.py
-- Installing: /workspaces/isaac_ros-dev/install/isaac_ros_pointcloud_interfaces/local/lib/python3.10/dist-packages/isaac_ros_pointcloud_interfaces/msg/_flat_scan_s.c
-- Installing: /workspaces/isaac_ros-dev/install/isaac_ros_pointcloud_interfaces/local/lib/python3.10/dist-packages/isaac_ros_pointcloud_interfaces/msg/__init__.py
-- Installing: /workspaces/isaac_ros-dev/install/isaac_ros_pointcloud_interfaces/local/lib/python3.10/dist-packages/isaac_ros_pointcloud_interfaces/__init__.py
Listing '/workspaces/isaac_ros-dev/install/isaac_ros_pointcloud_interfaces/local/lib/python3.10/dist-packages/isaac_ros_pointcloud_interfaces'...
Compiling '/workspaces/isaac_ros-dev/install/isaac_ros_pointcloud_interfaces/local/lib/python3.10/dist-packages/isaac_ros_pointcloud_interfaces/__init__.py'...
Listing '/workspaces/isaac_ros-dev/install/isaac_ros_pointcloud_interfaces/local/lib/python3.10/dist-packages/isaac_ros_pointcloud_interfaces/msg'...
Compiling '/workspaces/isaac_ros-dev/install/isaac_ros_pointcloud_interfaces/local/lib/python3.10/dist-packages/isaac_ros_pointcloud_interfaces/msg/__init__.py'...
Compiling '/workspaces/isaac_ros-dev/install/isaac_ros_pointcloud_interfaces/local/lib/python3.10/dist-packages/isaac_ros_pointcloud_interfaces/msg/_flat_scan.py'...
-- Installing: /workspaces/isaac_ros-dev/install/isaac_ros_pointcloud_interfaces/local/lib/python3.10/dist-packages/isaac_ros_pointcloud_interfaces/isaac_ros_pointcloud_interfaces_s__rosidl_typesupport_fastrtps_c.cpython-310-x86_64-linux-gnu.so
-- Set runtime path of "/workspaces/isaac_ros-dev/install/isaac_ros_pointcloud_interfaces/local/lib/python3.10/dist-packages/isaac_ros_pointcloud_interfaces/isaac_ros_pointcloud_interfaces_s__rosidl_typesupport_fastrtps_c.cpython-310-x86_64-linux-gnu.so" to ""
-- Installing: /workspaces/isaac_ros-dev/install/isaac_ros_pointcloud_interfaces/local/lib/python3.10/dist-packages/isaac_ros_pointcloud_interfaces/isaac_ros_pointcloud_interfaces_s__rosidl_typesupport_introspection_c.cpython-310-x86_64-linux-gnu.so
-- Set runtime path of "/workspaces/isaac_ros-dev/install/isaac_ros_pointcloud_interfaces/local/lib/python3.10/dist-packages/isaac_ros_pointcloud_interfaces/isaac_ros_pointcloud_interfaces_s__rosidl_typesupport_introspection_c.cpython-310-x86_64-linux-gnu.so" to ""
-- Installing: /workspaces/isaac_ros-dev/install/isaac_ros_pointcloud_interfaces/local/lib/python3.10/dist-packages/isaac_ros_pointcloud_interfaces/isaac_ros_pointcloud_interfaces_s__rosidl_typesupport_c.cpython-310-x86_64-linux-gnu.so
-- Set runtime path of "/workspaces/isaac_ros-dev/install/isaac_ros_pointcloud_interfaces/local/lib/python3.10/dist-packages/isaac_ros_pointcloud_interfaces/isaac_ros_pointcloud_interfaces_s__rosidl_typesupport_c.cpython-310-x86_64-linux-gnu.so" to ""
-- Installing: /workspaces/isaac_ros-dev/install/isaac_ros_pointcloud_interfaces/lib/libisaac_ros_pointcloud_interfaces__rosidl_generator_py.so
-- Set runtime path of "/workspaces/isaac_ros-dev/install/isaac_ros_pointcloud_interfaces/lib/libisaac_ros_pointcloud_interfaces__rosidl_generator_py.so" to ""
-- Installing: /workspaces/isaac_ros-dev/install/isaac_ros_pointcloud_interfaces/share/isaac_ros_pointcloud_interfaces/msg/FlatScan.idl
-- Installing: /workspaces/isaac_ros-dev/install/isaac_ros_pointcloud_interfaces/share/isaac_ros_pointcloud_interfaces/msg/FlatScan.msg
-- Installing: /workspaces/isaac_ros-dev/install/isaac_ros_pointcloud_interfaces/share/isaac_ros_pointcloud_interfaces/version_info.yaml
-- Installing: /workspaces/isaac_ros-dev/install/isaac_ros_pointcloud_interfaces/share/ament_index/resource_index/package_run_dependencies/isaac_ros_pointcloud_interfaces
-- Installing: /workspaces/isaac_ros-dev/install/isaac_ros_pointcloud_interfaces/share/ament_index/resource_index/parent_prefix_path/isaac_ros_pointcloud_interfaces
-- Installing: /workspaces/isaac_ros-dev/install/isaac_ros_pointcloud_interfaces/share/isaac_ros_pointcloud_interfaces/environment/ament_prefix_path.sh
-- Installing: /workspaces/isaac_ros-dev/install/isaac_ros_pointcloud_interfaces/share/isaac_ros_pointcloud_interfaces/environment/ament_prefix_path.dsv
-- Installing: /workspaces/isaac_ros-dev/install/isaac_ros_pointcloud_interfaces/share/isaac_ros_pointcloud_interfaces/environment/path.sh
-- Installing: /workspaces/isaac_ros-dev/install/isaac_ros_pointcloud_interfaces/share/isaac_ros_pointcloud_interfaces/environment/path.dsv
-- Installing: /workspaces/isaac_ros-dev/install/isaac_ros_pointcloud_interfaces/share/isaac_ros_pointcloud_interfaces/local_setup.bash
-- Installing: /workspaces/isaac_ros-dev/install/isaac_ros_pointcloud_interfaces/share/isaac_ros_pointcloud_interfaces/local_setup.sh
-- Installing: /workspaces/isaac_ros-dev/install/isaac_ros_pointcloud_interfaces/share/isaac_ros_pointcloud_interfaces/local_setup.zsh
-- Installing: /workspaces/isaac_ros-dev/install/isaac_ros_pointcloud_interfaces/share/isaac_ros_pointcloud_interfaces/local_setup.dsv
-- Installing: /workspaces/isaac_ros-dev/install/isaac_ros_pointcloud_interfaces/share/isaac_ros_pointcloud_interfaces/package.dsv
-- Installing: /workspaces/isaac_ros-dev/install/isaac_ros_pointcloud_interfaces/share/ament_index/resource_index/packages/isaac_ros_pointcloud_interfaces
-- Installing: /workspaces/isaac_ros-dev/install/isaac_ros_pointcloud_interfaces/share/isaac_ros_pointcloud_interfaces/cmake/export_isaac_ros_pointcloud_interfaces__rosidl_generator_cExport.cmake
-- Installing: /workspaces/isaac_ros-dev/install/isaac_ros_pointcloud_interfaces/share/isaac_ros_pointcloud_interfaces/cmake/export_isaac_ros_pointcloud_interfaces__rosidl_generator_cExport-release.cmake
-- Installing: /workspaces/isaac_ros-dev/install/isaac_ros_pointcloud_interfaces/share/isaac_ros_pointcloud_interfaces/cmake/export_isaac_ros_pointcloud_interfaces__rosidl_typesupport_fastrtps_cExport.cmake
-- Installing: /workspaces/isaac_ros-dev/install/isaac_ros_pointcloud_interfaces/share/isaac_ros_pointcloud_interfaces/cmake/export_isaac_ros_pointcloud_interfaces__rosidl_typesupport_fastrtps_cExport-release.cmake
-- Installing: /workspaces/isaac_ros-dev/install/isaac_ros_pointcloud_interfaces/share/isaac_ros_pointcloud_interfaces/cmake/isaac_ros_pointcloud_interfaces__rosidl_typesupport_introspection_cExport.cmake
-- Installing: /workspaces/isaac_ros-dev/install/isaac_ros_pointcloud_interfaces/share/isaac_ros_pointcloud_interfaces/cmake/isaac_ros_pointcloud_interfaces__rosidl_typesupport_introspection_cExport-release.cmake
-- Installing: /workspaces/isaac_ros-dev/install/isaac_ros_pointcloud_interfaces/share/isaac_ros_pointcloud_interfaces/cmake/isaac_ros_pointcloud_interfaces__rosidl_typesupport_cExport.cmake
-- Installing: /workspaces/isaac_ros-dev/install/isaac_ros_pointcloud_interfaces/share/isaac_ros_pointcloud_interfaces/cmake/isaac_ros_pointcloud_interfaces__rosidl_typesupport_cExport-release.cmake
-- Installing: /workspaces/isaac_ros-dev/install/isaac_ros_pointcloud_interfaces/share/isaac_ros_pointcloud_interfaces/cmake/export_isaac_ros_pointcloud_interfaces__rosidl_generator_cppExport.cmake
-- Installing: /workspaces/isaac_ros-dev/install/isaac_ros_pointcloud_interfaces/share/isaac_ros_pointcloud_interfaces/cmake/export_isaac_ros_pointcloud_interfaces__rosidl_typesupport_fastrtps_cppExport.cmake
-- Installing: /workspaces/isaac_ros-dev/install/isaac_ros_pointcloud_interfaces/share/isaac_ros_pointcloud_interfaces/cmake/export_isaac_ros_pointcloud_interfaces__rosidl_typesupport_fastrtps_cppExport-release.cmake
-- Installing: /workspaces/isaac_ros-dev/install/isaac_ros_pointcloud_interfaces/share/isaac_ros_pointcloud_interfaces/cmake/isaac_ros_pointcloud_interfaces__rosidl_typesupport_introspection_cppExport.cmake
-- Installing: /workspaces/isaac_ros-dev/install/isaac_ros_pointcloud_interfaces/share/isaac_ros_pointcloud_interfaces/cmake/isaac_ros_pointcloud_interfaces__rosidl_typesupport_introspection_cppExport-release.cmake
-- Installing: /workspaces/isaac_ros-dev/install/isaac_ros_pointcloud_interfaces/share/isaac_ros_pointcloud_interfaces/cmake/isaac_ros_pointcloud_interfaces__rosidl_typesupport_cppExport.cmake
-- Installing: /workspaces/isaac_ros-dev/install/isaac_ros_pointcloud_interfaces/share/isaac_ros_pointcloud_interfaces/cmake/isaac_ros_pointcloud_interfaces__rosidl_typesupport_cppExport-release.cmake
-- Installing: /workspaces/isaac_ros-dev/install/isaac_ros_pointcloud_interfaces/share/isaac_ros_pointcloud_interfaces/cmake/export_isaac_ros_pointcloud_interfaces__rosidl_generator_pyExport.cmake
-- Installing: /workspaces/isaac_ros-dev/install/isaac_ros_pointcloud_interfaces/share/isaac_ros_pointcloud_interfaces/cmake/export_isaac_ros_pointcloud_interfaces__rosidl_generator_pyExport-release.cmake
-- Installing: /workspaces/isaac_ros-dev/install/isaac_ros_pointcloud_interfaces/share/isaac_ros_pointcloud_interfaces/cmake/rosidl_cmake-extras.cmake
-- Installing: /workspaces/isaac_ros-dev/install/isaac_ros_pointcloud_interfaces/share/isaac_ros_pointcloud_interfaces/cmake/ament_cmake_export_dependencies-extras.cmake
-- Installing: /workspaces/isaac_ros-dev/install/isaac_ros_pointcloud_interfaces/share/isaac_ros_pointcloud_interfaces/cmake/ament_cmake_export_include_directories-extras.cmake
-- Installing: /workspaces/isaac_ros-dev/install/isaac_ros_pointcloud_interfaces/share/isaac_ros_pointcloud_interfaces/cmake/ament_cmake_export_libraries-extras.cmake
-- Installing: /workspaces/isaac_ros-dev/install/isaac_ros_pointcloud_interfaces/share/isaac_ros_pointcloud_interfaces/cmake/ament_cmake_export_targets-extras.cmake
-- Installing: /workspaces/isaac_ros-dev/install/isaac_ros_pointcloud_interfaces/share/isaac_ros_pointcloud_interfaces/cmake/rosidl_cmake_export_typesupport_targets-extras.cmake
-- Installing: /workspaces/isaac_ros-dev/install/isaac_ros_pointcloud_interfaces/share/isaac_ros_pointcloud_interfaces/cmake/rosidl_cmake_export_typesupport_libraries-extras.cmake
-- Installing: /workspaces/isaac_ros-dev/install/isaac_ros_pointcloud_interfaces/share/isaac_ros_pointcloud_interfaces/cmake/isaac_ros_pointcloud_interfacesConfig.cmake
-- Installing: /workspaces/isaac_ros-dev/install/isaac_ros_pointcloud_interfaces/share/isaac_ros_pointcloud_interfaces/cmake/isaac_ros_pointcloud_interfacesConfig-version.cmake
-- Installing: /workspaces/isaac_ros-dev/install/isaac_ros_pointcloud_interfaces/share/isaac_ros_pointcloud_interfaces/package.xml
