[0.020s] Invoking command in '/workspaces/isaac_ros-dev/build/isaac_ros_apriltag_interfaces': AMENT_PREFIX_PATH=/workspaces/isaac_ros-dev/install/isaac_ros_common:${AMENT_PREFIX_PATH} CMAKE_PREFIX_PATH=/workspaces/isaac_ros-dev/install/isaac_ros_common:/usr/local/libcudss-linux-0.3.0.9_cuda12-archive:/opt/ros/humble LD_LIBRARY_PATH=/workspaces/isaac_ros-dev/install/isaac_ros_common/lib:${LD_LIBRARY_PATH} PATH=/workspaces/isaac_ros-dev/install/isaac_ros_common/bin:${PATH} PYTHONPATH=/workspaces/isaac_ros-dev/install/isaac_ros_common/local/lib/python3.10/dist-packages:${PYTHONPATH} /usr/bin/cmake --build /workspaces/isaac_ros-dev/build/isaac_ros_apriltag_interfaces -- -j16 -l16
[0.080s] [  2%] Built target generate_version_info_target_isaac_ros_apriltag_interfaces
[0.081s] [  5%] Built target isaac_ros_apriltag_interfaces__cpp
[0.082s] [ 15%] Built target isaac_ros_apriltag_interfaces__rosidl_generator_c
[0.097s] [ 15%] Built target ament_cmake_python_copy_isaac_ros_apriltag_interfaces
[0.128s] [ 25%] Built target isaac_ros_apriltag_interfaces__rosidl_typesupport_cpp
[0.129s] [ 35%] Built target isaac_ros_apriltag_interfaces__rosidl_typesupport_fastrtps_cpp
[0.139s] [ 55%] Built target isaac_ros_apriltag_interfaces__rosidl_typesupport_fastrtps_c
[0.140s] [ 45%] Built target isaac_ros_apriltag_interfaces__rosidl_typesupport_introspection_cpp
[0.153s] [ 65%] Built target isaac_ros_apriltag_interfaces__rosidl_typesupport_introspection_c
[0.155s] [ 75%] Built target isaac_ros_apriltag_interfaces__rosidl_typesupport_c
[0.181s] [ 75%] Built target isaac_ros_apriltag_interfaces
[0.212s] [ 77%] Built target isaac_ros_apriltag_interfaces__py
[0.239s] [ 85%] Built target isaac_ros_apriltag_interfaces__rosidl_generator_py
[0.276s] [ 90%] Built target isaac_ros_apriltag_interfaces__rosidl_typesupport_fastrtps_c__pyext
[0.276s] [ 95%] Built target isaac_ros_apriltag_interfaces__rosidl_typesupport_c__pyext
[0.278s] [100%] Built target isaac_ros_apriltag_interfaces__rosidl_typesupport_introspection_c__pyext
[0.459s] running egg_info
[0.475s] writing isaac_ros_apriltag_interfaces.egg-info/PKG-INFO
[0.476s] writing dependency_links to isaac_ros_apriltag_interfaces.egg-info/dependency_links.txt
[0.476s] writing top-level names to isaac_ros_apriltag_interfaces.egg-info/top_level.txt
[0.544s] ERROR setuptools_scm._file_finders.git listing git files failed - pretending there aren't any
[0.633s] reading manifest file 'isaac_ros_apriltag_interfaces.egg-info/SOURCES.txt'
[0.634s] writing manifest file 'isaac_ros_apriltag_interfaces.egg-info/SOURCES.txt'
[0.700s] [100%] Built target ament_cmake_python_build_isaac_ros_apriltag_interfaces_egg
[0.715s] Invoked command in '/workspaces/isaac_ros-dev/build/isaac_ros_apriltag_interfaces' returned '0': AMENT_PREFIX_PATH=/workspaces/isaac_ros-dev/install/isaac_ros_common:${AMENT_PREFIX_PATH} CMAKE_PREFIX_PATH=/workspaces/isaac_ros-dev/install/isaac_ros_common:/usr/local/libcudss-linux-0.3.0.9_cuda12-archive:/opt/ros/humble LD_LIBRARY_PATH=/workspaces/isaac_ros-dev/install/isaac_ros_common/lib:${LD_LIBRARY_PATH} PATH=/workspaces/isaac_ros-dev/install/isaac_ros_common/bin:${PATH} PYTHONPATH=/workspaces/isaac_ros-dev/install/isaac_ros_common/local/lib/python3.10/dist-packages:${PYTHONPATH} /usr/bin/cmake --build /workspaces/isaac_ros-dev/build/isaac_ros_apriltag_interfaces -- -j16 -l16
[0.718s] Invoking command in '/workspaces/isaac_ros-dev/build/isaac_ros_apriltag_interfaces': AMENT_PREFIX_PATH=/workspaces/isaac_ros-dev/install/isaac_ros_common:${AMENT_PREFIX_PATH} CMAKE_PREFIX_PATH=/workspaces/isaac_ros-dev/install/isaac_ros_common:/usr/local/libcudss-linux-0.3.0.9_cuda12-archive:/opt/ros/humble LD_LIBRARY_PATH=/workspaces/isaac_ros-dev/install/isaac_ros_common/lib:${LD_LIBRARY_PATH} PATH=/workspaces/isaac_ros-dev/install/isaac_ros_common/bin:${PATH} PYTHONPATH=/workspaces/isaac_ros-dev/install/isaac_ros_common/local/lib/python3.10/dist-packages:${PYTHONPATH} /usr/bin/cmake --install /workspaces/isaac_ros-dev/build/isaac_ros_apriltag_interfaces
[0.725s] -- Install configuration: "Release"
[0.725s] -- Up-to-date: /workspaces/isaac_ros-dev/install/isaac_ros_apriltag_interfaces/share/ament_index/resource_index/rosidl_interfaces/isaac_ros_apriltag_interfaces
[0.726s] -- Up-to-date: /workspaces/isaac_ros-dev/install/isaac_ros_apriltag_interfaces/include/isaac_ros_apriltag_interfaces/isaac_ros_apriltag_interfaces
[0.726s] -- Up-to-date: /workspaces/isaac_ros-dev/install/isaac_ros_apriltag_interfaces/include/isaac_ros_apriltag_interfaces/isaac_ros_apriltag_interfaces/msg
[0.726s] -- Up-to-date: /workspaces/isaac_ros-dev/install/isaac_ros_apriltag_interfaces/include/isaac_ros_apriltag_interfaces/isaac_ros_apriltag_interfaces/msg/rosidl_generator_c__visibility_control.h
[0.726s] -- Up-to-date: /workspaces/isaac_ros-dev/install/isaac_ros_apriltag_interfaces/include/isaac_ros_apriltag_interfaces/isaac_ros_apriltag_interfaces/msg/april_tag_detection.h
[0.726s] -- Up-to-date: /workspaces/isaac_ros-dev/install/isaac_ros_apriltag_interfaces/include/isaac_ros_apriltag_interfaces/isaac_ros_apriltag_interfaces/msg/april_tag_detection_array.h
[0.726s] -- Up-to-date: /workspaces/isaac_ros-dev/install/isaac_ros_apriltag_interfaces/include/isaac_ros_apriltag_interfaces/isaac_ros_apriltag_interfaces/msg/detail
[0.726s] -- Up-to-date: /workspaces/isaac_ros-dev/install/isaac_ros_apriltag_interfaces/include/isaac_ros_apriltag_interfaces/isaac_ros_apriltag_interfaces/msg/detail/april_tag_detection_array__functions.h
[0.726s] -- Up-to-date: /workspaces/isaac_ros-dev/install/isaac_ros_apriltag_interfaces/include/isaac_ros_apriltag_interfaces/isaac_ros_apriltag_interfaces/msg/detail/april_tag_detection__type_support.h
[0.726s] -- Up-to-date: /workspaces/isaac_ros-dev/install/isaac_ros_apriltag_interfaces/include/isaac_ros_apriltag_interfaces/isaac_ros_apriltag_interfaces/msg/detail/april_tag_detection__struct.h
[0.726s] -- Up-to-date: /workspaces/isaac_ros-dev/install/isaac_ros_apriltag_interfaces/include/isaac_ros_apriltag_interfaces/isaac_ros_apriltag_interfaces/msg/detail/april_tag_detection__functions.h
[0.726s] -- Up-to-date: /workspaces/isaac_ros-dev/install/isaac_ros_apriltag_interfaces/include/isaac_ros_apriltag_interfaces/isaac_ros_apriltag_interfaces/msg/detail/april_tag_detection_array__struct.h
[0.726s] -- Up-to-date: /workspaces/isaac_ros-dev/install/isaac_ros_apriltag_interfaces/include/isaac_ros_apriltag_interfaces/isaac_ros_apriltag_interfaces/msg/detail/april_tag_detection_array__functions.c
[0.726s] -- Up-to-date: /workspaces/isaac_ros-dev/install/isaac_ros_apriltag_interfaces/include/isaac_ros_apriltag_interfaces/isaac_ros_apriltag_interfaces/msg/detail/april_tag_detection_array__type_support.h
[0.726s] -- Up-to-date: /workspaces/isaac_ros-dev/install/isaac_ros_apriltag_interfaces/include/isaac_ros_apriltag_interfaces/isaac_ros_apriltag_interfaces/msg/detail/april_tag_detection__functions.c
[0.726s] -- Up-to-date: /workspaces/isaac_ros-dev/install/isaac_ros_apriltag_interfaces/share/isaac_ros_apriltag_interfaces/environment/library_path.sh
[0.726s] -- Up-to-date: /workspaces/isaac_ros-dev/install/isaac_ros_apriltag_interfaces/share/isaac_ros_apriltag_interfaces/environment/library_path.dsv
[0.726s] -- Up-to-date: /workspaces/isaac_ros-dev/install/isaac_ros_apriltag_interfaces/lib/libisaac_ros_apriltag_interfaces__rosidl_generator_c.so
[0.726s] -- Up-to-date: /workspaces/isaac_ros-dev/install/isaac_ros_apriltag_interfaces/include/isaac_ros_apriltag_interfaces/isaac_ros_apriltag_interfaces
[0.726s] -- Up-to-date: /workspaces/isaac_ros-dev/install/isaac_ros_apriltag_interfaces/include/isaac_ros_apriltag_interfaces/isaac_ros_apriltag_interfaces/msg
[0.726s] -- Up-to-date: /workspaces/isaac_ros-dev/install/isaac_ros_apriltag_interfaces/include/isaac_ros_apriltag_interfaces/isaac_ros_apriltag_interfaces/msg/rosidl_typesupport_fastrtps_c__visibility_control.h
[0.726s] -- Up-to-date: /workspaces/isaac_ros-dev/install/isaac_ros_apriltag_interfaces/include/isaac_ros_apriltag_interfaces/isaac_ros_apriltag_interfaces/msg/detail
[0.726s] -- Up-to-date: /workspaces/isaac_ros-dev/install/isaac_ros_apriltag_interfaces/include/isaac_ros_apriltag_interfaces/isaac_ros_apriltag_interfaces/msg/detail/april_tag_detection__rosidl_typesupport_fastrtps_c.h
[0.727s] -- Up-to-date: /workspaces/isaac_ros-dev/install/isaac_ros_apriltag_interfaces/include/isaac_ros_apriltag_interfaces/isaac_ros_apriltag_interfaces/msg/detail/april_tag_detection_array__rosidl_typesupport_fastrtps_c.h
[0.727s] -- Up-to-date: /workspaces/isaac_ros-dev/install/isaac_ros_apriltag_interfaces/lib/libisaac_ros_apriltag_interfaces__rosidl_typesupport_fastrtps_c.so
[0.727s] -- Up-to-date: /workspaces/isaac_ros-dev/install/isaac_ros_apriltag_interfaces/include/isaac_ros_apriltag_interfaces/isaac_ros_apriltag_interfaces
[0.727s] -- Up-to-date: /workspaces/isaac_ros-dev/install/isaac_ros_apriltag_interfaces/include/isaac_ros_apriltag_interfaces/isaac_ros_apriltag_interfaces/msg
[0.727s] -- Up-to-date: /workspaces/isaac_ros-dev/install/isaac_ros_apriltag_interfaces/include/isaac_ros_apriltag_interfaces/isaac_ros_apriltag_interfaces/msg/rosidl_typesupport_introspection_c__visibility_control.h
[0.727s] -- Up-to-date: /workspaces/isaac_ros-dev/install/isaac_ros_apriltag_interfaces/include/isaac_ros_apriltag_interfaces/isaac_ros_apriltag_interfaces/msg/detail
[0.727s] -- Up-to-date: /workspaces/isaac_ros-dev/install/isaac_ros_apriltag_interfaces/include/isaac_ros_apriltag_interfaces/isaac_ros_apriltag_interfaces/msg/detail/april_tag_detection__rosidl_typesupport_introspection_c.h
[0.727s] -- Up-to-date: /workspaces/isaac_ros-dev/install/isaac_ros_apriltag_interfaces/include/isaac_ros_apriltag_interfaces/isaac_ros_apriltag_interfaces/msg/detail/april_tag_detection_array__type_support.c
[0.727s] -- Up-to-date: /workspaces/isaac_ros-dev/install/isaac_ros_apriltag_interfaces/include/isaac_ros_apriltag_interfaces/isaac_ros_apriltag_interfaces/msg/detail/april_tag_detection__type_support.c
[0.727s] -- Up-to-date: /workspaces/isaac_ros-dev/install/isaac_ros_apriltag_interfaces/include/isaac_ros_apriltag_interfaces/isaac_ros_apriltag_interfaces/msg/detail/april_tag_detection_array__rosidl_typesupport_introspection_c.h
[0.727s] -- Up-to-date: /workspaces/isaac_ros-dev/install/isaac_ros_apriltag_interfaces/lib/libisaac_ros_apriltag_interfaces__rosidl_typesupport_introspection_c.so
[0.727s] -- Up-to-date: /workspaces/isaac_ros-dev/install/isaac_ros_apriltag_interfaces/lib/libisaac_ros_apriltag_interfaces__rosidl_typesupport_c.so
[0.727s] -- Up-to-date: /workspaces/isaac_ros-dev/install/isaac_ros_apriltag_interfaces/include/isaac_ros_apriltag_interfaces/isaac_ros_apriltag_interfaces
[0.727s] -- Up-to-date: /workspaces/isaac_ros-dev/install/isaac_ros_apriltag_interfaces/include/isaac_ros_apriltag_interfaces/isaac_ros_apriltag_interfaces/msg
[0.727s] -- Up-to-date: /workspaces/isaac_ros-dev/install/isaac_ros_apriltag_interfaces/include/isaac_ros_apriltag_interfaces/isaac_ros_apriltag_interfaces/msg/april_tag_detection_array.hpp
[0.727s] -- Up-to-date: /workspaces/isaac_ros-dev/install/isaac_ros_apriltag_interfaces/include/isaac_ros_apriltag_interfaces/isaac_ros_apriltag_interfaces/msg/rosidl_generator_cpp__visibility_control.hpp
[0.727s] -- Up-to-date: /workspaces/isaac_ros-dev/install/isaac_ros_apriltag_interfaces/include/isaac_ros_apriltag_interfaces/isaac_ros_apriltag_interfaces/msg/april_tag_detection.hpp
[0.727s] -- Up-to-date: /workspaces/isaac_ros-dev/install/isaac_ros_apriltag_interfaces/include/isaac_ros_apriltag_interfaces/isaac_ros_apriltag_interfaces/msg/detail
[0.727s] -- Up-to-date: /workspaces/isaac_ros-dev/install/isaac_ros_apriltag_interfaces/include/isaac_ros_apriltag_interfaces/isaac_ros_apriltag_interfaces/msg/detail/april_tag_detection__struct.hpp
[0.727s] -- Up-to-date: /workspaces/isaac_ros-dev/install/isaac_ros_apriltag_interfaces/include/isaac_ros_apriltag_interfaces/isaac_ros_apriltag_interfaces/msg/detail/april_tag_detection__builder.hpp
[0.727s] -- Up-to-date: /workspaces/isaac_ros-dev/install/isaac_ros_apriltag_interfaces/include/isaac_ros_apriltag_interfaces/isaac_ros_apriltag_interfaces/msg/detail/april_tag_detection_array__traits.hpp
[0.727s] -- Up-to-date: /workspaces/isaac_ros-dev/install/isaac_ros_apriltag_interfaces/include/isaac_ros_apriltag_interfaces/isaac_ros_apriltag_interfaces/msg/detail/april_tag_detection_array__type_support.hpp
[0.727s] -- Up-to-date: /workspaces/isaac_ros-dev/install/isaac_ros_apriltag_interfaces/include/isaac_ros_apriltag_interfaces/isaac_ros_apriltag_interfaces/msg/detail/april_tag_detection__type_support.hpp
[0.727s] -- Up-to-date: /workspaces/isaac_ros-dev/install/isaac_ros_apriltag_interfaces/include/isaac_ros_apriltag_interfaces/isaac_ros_apriltag_interfaces/msg/detail/april_tag_detection_array__builder.hpp
[0.727s] -- Up-to-date: /workspaces/isaac_ros-dev/install/isaac_ros_apriltag_interfaces/include/isaac_ros_apriltag_interfaces/isaac_ros_apriltag_interfaces/msg/detail/april_tag_detection_array__struct.hpp
[0.728s] -- Up-to-date: /workspaces/isaac_ros-dev/install/isaac_ros_apriltag_interfaces/include/isaac_ros_apriltag_interfaces/isaac_ros_apriltag_interfaces/msg/detail/april_tag_detection__traits.hpp
[0.728s] -- Up-to-date: /workspaces/isaac_ros-dev/install/isaac_ros_apriltag_interfaces/include/isaac_ros_apriltag_interfaces/isaac_ros_apriltag_interfaces
[0.728s] -- Up-to-date: /workspaces/isaac_ros-dev/install/isaac_ros_apriltag_interfaces/include/isaac_ros_apriltag_interfaces/isaac_ros_apriltag_interfaces/msg
[0.728s] -- Up-to-date: /workspaces/isaac_ros-dev/install/isaac_ros_apriltag_interfaces/include/isaac_ros_apriltag_interfaces/isaac_ros_apriltag_interfaces/msg/rosidl_typesupport_fastrtps_cpp__visibility_control.h
[0.728s] -- Up-to-date: /workspaces/isaac_ros-dev/install/isaac_ros_apriltag_interfaces/include/isaac_ros_apriltag_interfaces/isaac_ros_apriltag_interfaces/msg/detail
[0.728s] -- Up-to-date: /workspaces/isaac_ros-dev/install/isaac_ros_apriltag_interfaces/include/isaac_ros_apriltag_interfaces/isaac_ros_apriltag_interfaces/msg/detail/dds_fastrtps
[0.728s] -- Up-to-date: /workspaces/isaac_ros-dev/install/isaac_ros_apriltag_interfaces/include/isaac_ros_apriltag_interfaces/isaac_ros_apriltag_interfaces/msg/detail/april_tag_detection_array__rosidl_typesupport_fastrtps_cpp.hpp
[0.728s] -- Up-to-date: /workspaces/isaac_ros-dev/install/isaac_ros_apriltag_interfaces/include/isaac_ros_apriltag_interfaces/isaac_ros_apriltag_interfaces/msg/detail/april_tag_detection__rosidl_typesupport_fastrtps_cpp.hpp
[0.728s] -- Up-to-date: /workspaces/isaac_ros-dev/install/isaac_ros_apriltag_interfaces/lib/libisaac_ros_apriltag_interfaces__rosidl_typesupport_fastrtps_cpp.so
[0.728s] -- Up-to-date: /workspaces/isaac_ros-dev/install/isaac_ros_apriltag_interfaces/include/isaac_ros_apriltag_interfaces/isaac_ros_apriltag_interfaces
[0.728s] -- Up-to-date: /workspaces/isaac_ros-dev/install/isaac_ros_apriltag_interfaces/include/isaac_ros_apriltag_interfaces/isaac_ros_apriltag_interfaces/msg
[0.728s] -- Up-to-date: /workspaces/isaac_ros-dev/install/isaac_ros_apriltag_interfaces/include/isaac_ros_apriltag_interfaces/isaac_ros_apriltag_interfaces/msg/detail
[0.728s] -- Up-to-date: /workspaces/isaac_ros-dev/install/isaac_ros_apriltag_interfaces/include/isaac_ros_apriltag_interfaces/isaac_ros_apriltag_interfaces/msg/detail/april_tag_detection_array__rosidl_typesupport_introspection_cpp.hpp
[0.728s] -- Up-to-date: /workspaces/isaac_ros-dev/install/isaac_ros_apriltag_interfaces/include/isaac_ros_apriltag_interfaces/isaac_ros_apriltag_interfaces/msg/detail/april_tag_detection_array__type_support.cpp
[0.728s] -- Up-to-date: /workspaces/isaac_ros-dev/install/isaac_ros_apriltag_interfaces/include/isaac_ros_apriltag_interfaces/isaac_ros_apriltag_interfaces/msg/detail/april_tag_detection__type_support.cpp
[0.728s] -- Up-to-date: /workspaces/isaac_ros-dev/install/isaac_ros_apriltag_interfaces/include/isaac_ros_apriltag_interfaces/isaac_ros_apriltag_interfaces/msg/detail/april_tag_detection__rosidl_typesupport_introspection_cpp.hpp
[0.728s] -- Up-to-date: /workspaces/isaac_ros-dev/install/isaac_ros_apriltag_interfaces/lib/libisaac_ros_apriltag_interfaces__rosidl_typesupport_introspection_cpp.so
[0.729s] -- Up-to-date: /workspaces/isaac_ros-dev/install/isaac_ros_apriltag_interfaces/lib/libisaac_ros_apriltag_interfaces__rosidl_typesupport_cpp.so
[0.729s] -- Up-to-date: /workspaces/isaac_ros-dev/install/isaac_ros_apriltag_interfaces/share/isaac_ros_apriltag_interfaces/environment/pythonpath.sh
[0.729s] -- Up-to-date: /workspaces/isaac_ros-dev/install/isaac_ros_apriltag_interfaces/share/isaac_ros_apriltag_interfaces/environment/pythonpath.dsv
[0.729s] -- Up-to-date: /workspaces/isaac_ros-dev/install/isaac_ros_apriltag_interfaces/local/lib/python3.10/dist-packages/isaac_ros_apriltag_interfaces-3.2.5-py3.10.egg-info
[0.729s] -- Installing: /workspaces/isaac_ros-dev/install/isaac_ros_apriltag_interfaces/local/lib/python3.10/dist-packages/isaac_ros_apriltag_interfaces-3.2.5-py3.10.egg-info/top_level.txt
[0.729s] -- Installing: /workspaces/isaac_ros-dev/install/isaac_ros_apriltag_interfaces/local/lib/python3.10/dist-packages/isaac_ros_apriltag_interfaces-3.2.5-py3.10.egg-info/SOURCES.txt
[0.729s] -- Installing: /workspaces/isaac_ros-dev/install/isaac_ros_apriltag_interfaces/local/lib/python3.10/dist-packages/isaac_ros_apriltag_interfaces-3.2.5-py3.10.egg-info/dependency_links.txt
[0.729s] -- Installing: /workspaces/isaac_ros-dev/install/isaac_ros_apriltag_interfaces/local/lib/python3.10/dist-packages/isaac_ros_apriltag_interfaces-3.2.5-py3.10.egg-info/PKG-INFO
[0.729s] -- Up-to-date: /workspaces/isaac_ros-dev/install/isaac_ros_apriltag_interfaces/local/lib/python3.10/dist-packages/isaac_ros_apriltag_interfaces
[0.729s] -- Up-to-date: /workspaces/isaac_ros-dev/install/isaac_ros_apriltag_interfaces/local/lib/python3.10/dist-packages/isaac_ros_apriltag_interfaces/_isaac_ros_apriltag_interfaces_s.ep.rosidl_typesupport_introspection_c.c
[0.729s] -- Up-to-date: /workspaces/isaac_ros-dev/install/isaac_ros_apriltag_interfaces/local/lib/python3.10/dist-packages/isaac_ros_apriltag_interfaces/libisaac_ros_apriltag_interfaces__rosidl_generator_py.so
[0.729s] -- Up-to-date: /workspaces/isaac_ros-dev/install/isaac_ros_apriltag_interfaces/local/lib/python3.10/dist-packages/isaac_ros_apriltag_interfaces/isaac_ros_apriltag_interfaces_s__rosidl_typesupport_c.cpython-310-x86_64-linux-gnu.so
[0.730s] -- Up-to-date: /workspaces/isaac_ros-dev/install/isaac_ros_apriltag_interfaces/local/lib/python3.10/dist-packages/isaac_ros_apriltag_interfaces/isaac_ros_apriltag_interfaces_s__rosidl_typesupport_fastrtps_c.cpython-310-x86_64-linux-gnu.so
[0.730s] -- Up-to-date: /workspaces/isaac_ros-dev/install/isaac_ros_apriltag_interfaces/local/lib/python3.10/dist-packages/isaac_ros_apriltag_interfaces/_isaac_ros_apriltag_interfaces_s.ep.rosidl_typesupport_c.c
[0.730s] -- Up-to-date: /workspaces/isaac_ros-dev/install/isaac_ros_apriltag_interfaces/local/lib/python3.10/dist-packages/isaac_ros_apriltag_interfaces/msg
[0.730s] -- Up-to-date: /workspaces/isaac_ros-dev/install/isaac_ros_apriltag_interfaces/local/lib/python3.10/dist-packages/isaac_ros_apriltag_interfaces/msg/_april_tag_detection.py
[0.730s] -- Up-to-date: /workspaces/isaac_ros-dev/install/isaac_ros_apriltag_interfaces/local/lib/python3.10/dist-packages/isaac_ros_apriltag_interfaces/msg/_april_tag_detection_array.py
[0.730s] -- Up-to-date: /workspaces/isaac_ros-dev/install/isaac_ros_apriltag_interfaces/local/lib/python3.10/dist-packages/isaac_ros_apriltag_interfaces/msg/_april_tag_detection_array_s.c
[0.730s] -- Up-to-date: /workspaces/isaac_ros-dev/install/isaac_ros_apriltag_interfaces/local/lib/python3.10/dist-packages/isaac_ros_apriltag_interfaces/msg/__init__.py
[0.730s] -- Up-to-date: /workspaces/isaac_ros-dev/install/isaac_ros_apriltag_interfaces/local/lib/python3.10/dist-packages/isaac_ros_apriltag_interfaces/msg/_april_tag_detection_s.c
[0.730s] -- Up-to-date: /workspaces/isaac_ros-dev/install/isaac_ros_apriltag_interfaces/local/lib/python3.10/dist-packages/isaac_ros_apriltag_interfaces/isaac_ros_apriltag_interfaces_s__rosidl_typesupport_introspection_c.cpython-310-x86_64-linux-gnu.so
[0.730s] -- Up-to-date: /workspaces/isaac_ros-dev/install/isaac_ros_apriltag_interfaces/local/lib/python3.10/dist-packages/isaac_ros_apriltag_interfaces/_isaac_ros_apriltag_interfaces_s.ep.rosidl_typesupport_fastrtps_c.c
[0.730s] -- Up-to-date: /workspaces/isaac_ros-dev/install/isaac_ros_apriltag_interfaces/local/lib/python3.10/dist-packages/isaac_ros_apriltag_interfaces/__init__.py
[0.756s] Listing '/workspaces/isaac_ros-dev/install/isaac_ros_apriltag_interfaces/local/lib/python3.10/dist-packages/isaac_ros_apriltag_interfaces'...
[0.756s] Listing '/workspaces/isaac_ros-dev/install/isaac_ros_apriltag_interfaces/local/lib/python3.10/dist-packages/isaac_ros_apriltag_interfaces/msg'...
[0.759s] -- Up-to-date: /workspaces/isaac_ros-dev/install/isaac_ros_apriltag_interfaces/local/lib/python3.10/dist-packages/isaac_ros_apriltag_interfaces/isaac_ros_apriltag_interfaces_s__rosidl_typesupport_fastrtps_c.cpython-310-x86_64-linux-gnu.so
[0.760s] -- Up-to-date: /workspaces/isaac_ros-dev/install/isaac_ros_apriltag_interfaces/local/lib/python3.10/dist-packages/isaac_ros_apriltag_interfaces/isaac_ros_apriltag_interfaces_s__rosidl_typesupport_introspection_c.cpython-310-x86_64-linux-gnu.so
[0.760s] -- Up-to-date: /workspaces/isaac_ros-dev/install/isaac_ros_apriltag_interfaces/local/lib/python3.10/dist-packages/isaac_ros_apriltag_interfaces/isaac_ros_apriltag_interfaces_s__rosidl_typesupport_c.cpython-310-x86_64-linux-gnu.so
[0.760s] -- Up-to-date: /workspaces/isaac_ros-dev/install/isaac_ros_apriltag_interfaces/lib/libisaac_ros_apriltag_interfaces__rosidl_generator_py.so
[0.760s] -- Up-to-date: /workspaces/isaac_ros-dev/install/isaac_ros_apriltag_interfaces/share/isaac_ros_apriltag_interfaces/msg/AprilTagDetection.idl
[0.760s] -- Up-to-date: /workspaces/isaac_ros-dev/install/isaac_ros_apriltag_interfaces/share/isaac_ros_apriltag_interfaces/msg/AprilTagDetectionArray.idl
[0.760s] -- Up-to-date: /workspaces/isaac_ros-dev/install/isaac_ros_apriltag_interfaces/share/isaac_ros_apriltag_interfaces/msg/AprilTagDetection.msg
[0.760s] -- Up-to-date: /workspaces/isaac_ros-dev/install/isaac_ros_apriltag_interfaces/share/isaac_ros_apriltag_interfaces/msg/AprilTagDetectionArray.msg
[0.760s] -- Up-to-date: /workspaces/isaac_ros-dev/install/isaac_ros_apriltag_interfaces/share/isaac_ros_apriltag_interfaces/version_info.yaml
[0.761s] -- Up-to-date: /workspaces/isaac_ros-dev/install/isaac_ros_apriltag_interfaces/share/ament_index/resource_index/package_run_dependencies/isaac_ros_apriltag_interfaces
[0.761s] -- Up-to-date: /workspaces/isaac_ros-dev/install/isaac_ros_apriltag_interfaces/share/ament_index/resource_index/parent_prefix_path/isaac_ros_apriltag_interfaces
[0.761s] -- Up-to-date: /workspaces/isaac_ros-dev/install/isaac_ros_apriltag_interfaces/share/isaac_ros_apriltag_interfaces/environment/ament_prefix_path.sh
[0.761s] -- Up-to-date: /workspaces/isaac_ros-dev/install/isaac_ros_apriltag_interfaces/share/isaac_ros_apriltag_interfaces/environment/ament_prefix_path.dsv
[0.761s] -- Up-to-date: /workspaces/isaac_ros-dev/install/isaac_ros_apriltag_interfaces/share/isaac_ros_apriltag_interfaces/environment/path.sh
[0.761s] -- Up-to-date: /workspaces/isaac_ros-dev/install/isaac_ros_apriltag_interfaces/share/isaac_ros_apriltag_interfaces/environment/path.dsv
[0.761s] -- Up-to-date: /workspaces/isaac_ros-dev/install/isaac_ros_apriltag_interfaces/share/isaac_ros_apriltag_interfaces/local_setup.bash
[0.761s] -- Up-to-date: /workspaces/isaac_ros-dev/install/isaac_ros_apriltag_interfaces/share/isaac_ros_apriltag_interfaces/local_setup.sh
[0.761s] -- Up-to-date: /workspaces/isaac_ros-dev/install/isaac_ros_apriltag_interfaces/share/isaac_ros_apriltag_interfaces/local_setup.zsh
[0.761s] -- Up-to-date: /workspaces/isaac_ros-dev/install/isaac_ros_apriltag_interfaces/share/isaac_ros_apriltag_interfaces/local_setup.dsv
[0.761s] -- Installing: /workspaces/isaac_ros-dev/install/isaac_ros_apriltag_interfaces/share/isaac_ros_apriltag_interfaces/package.dsv
[0.761s] -- Up-to-date: /workspaces/isaac_ros-dev/install/isaac_ros_apriltag_interfaces/share/ament_index/resource_index/packages/isaac_ros_apriltag_interfaces
[0.762s] -- Up-to-date: /workspaces/isaac_ros-dev/install/isaac_ros_apriltag_interfaces/share/isaac_ros_apriltag_interfaces/cmake/export_isaac_ros_apriltag_interfaces__rosidl_generator_cExport.cmake
[0.762s] -- Up-to-date: /workspaces/isaac_ros-dev/install/isaac_ros_apriltag_interfaces/share/isaac_ros_apriltag_interfaces/cmake/export_isaac_ros_apriltag_interfaces__rosidl_generator_cExport-release.cmake
[0.762s] -- Up-to-date: /workspaces/isaac_ros-dev/install/isaac_ros_apriltag_interfaces/share/isaac_ros_apriltag_interfaces/cmake/export_isaac_ros_apriltag_interfaces__rosidl_typesupport_fastrtps_cExport.cmake
[0.762s] -- Up-to-date: /workspaces/isaac_ros-dev/install/isaac_ros_apriltag_interfaces/share/isaac_ros_apriltag_interfaces/cmake/export_isaac_ros_apriltag_interfaces__rosidl_typesupport_fastrtps_cExport-release.cmake
[0.762s] -- Up-to-date: /workspaces/isaac_ros-dev/install/isaac_ros_apriltag_interfaces/share/isaac_ros_apriltag_interfaces/cmake/isaac_ros_apriltag_interfaces__rosidl_typesupport_introspection_cExport.cmake
[0.762s] -- Up-to-date: /workspaces/isaac_ros-dev/install/isaac_ros_apriltag_interfaces/share/isaac_ros_apriltag_interfaces/cmake/isaac_ros_apriltag_interfaces__rosidl_typesupport_introspection_cExport-release.cmake
[0.762s] -- Up-to-date: /workspaces/isaac_ros-dev/install/isaac_ros_apriltag_interfaces/share/isaac_ros_apriltag_interfaces/cmake/isaac_ros_apriltag_interfaces__rosidl_typesupport_cExport.cmake
[0.762s] -- Up-to-date: /workspaces/isaac_ros-dev/install/isaac_ros_apriltag_interfaces/share/isaac_ros_apriltag_interfaces/cmake/isaac_ros_apriltag_interfaces__rosidl_typesupport_cExport-release.cmake
[0.762s] -- Up-to-date: /workspaces/isaac_ros-dev/install/isaac_ros_apriltag_interfaces/share/isaac_ros_apriltag_interfaces/cmake/export_isaac_ros_apriltag_interfaces__rosidl_generator_cppExport.cmake
[0.762s] -- Up-to-date: /workspaces/isaac_ros-dev/install/isaac_ros_apriltag_interfaces/share/isaac_ros_apriltag_interfaces/cmake/export_isaac_ros_apriltag_interfaces__rosidl_typesupport_fastrtps_cppExport.cmake
[0.762s] -- Up-to-date: /workspaces/isaac_ros-dev/install/isaac_ros_apriltag_interfaces/share/isaac_ros_apriltag_interfaces/cmake/export_isaac_ros_apriltag_interfaces__rosidl_typesupport_fastrtps_cppExport-release.cmake
[0.762s] -- Up-to-date: /workspaces/isaac_ros-dev/install/isaac_ros_apriltag_interfaces/share/isaac_ros_apriltag_interfaces/cmake/isaac_ros_apriltag_interfaces__rosidl_typesupport_introspection_cppExport.cmake
[0.762s] -- Up-to-date: /workspaces/isaac_ros-dev/install/isaac_ros_apriltag_interfaces/share/isaac_ros_apriltag_interfaces/cmake/isaac_ros_apriltag_interfaces__rosidl_typesupport_introspection_cppExport-release.cmake
[0.762s] -- Up-to-date: /workspaces/isaac_ros-dev/install/isaac_ros_apriltag_interfaces/share/isaac_ros_apriltag_interfaces/cmake/isaac_ros_apriltag_interfaces__rosidl_typesupport_cppExport.cmake
[0.762s] -- Up-to-date: /workspaces/isaac_ros-dev/install/isaac_ros_apriltag_interfaces/share/isaac_ros_apriltag_interfaces/cmake/isaac_ros_apriltag_interfaces__rosidl_typesupport_cppExport-release.cmake
[0.763s] -- Up-to-date: /workspaces/isaac_ros-dev/install/isaac_ros_apriltag_interfaces/share/isaac_ros_apriltag_interfaces/cmake/export_isaac_ros_apriltag_interfaces__rosidl_generator_pyExport.cmake
[0.763s] -- Up-to-date: /workspaces/isaac_ros-dev/install/isaac_ros_apriltag_interfaces/share/isaac_ros_apriltag_interfaces/cmake/export_isaac_ros_apriltag_interfaces__rosidl_generator_pyExport-release.cmake
[0.763s] -- Up-to-date: /workspaces/isaac_ros-dev/install/isaac_ros_apriltag_interfaces/share/isaac_ros_apriltag_interfaces/cmake/rosidl_cmake-extras.cmake
[0.763s] -- Up-to-date: /workspaces/isaac_ros-dev/install/isaac_ros_apriltag_interfaces/share/isaac_ros_apriltag_interfaces/cmake/ament_cmake_export_dependencies-extras.cmake
[0.763s] -- Up-to-date: /workspaces/isaac_ros-dev/install/isaac_ros_apriltag_interfaces/share/isaac_ros_apriltag_interfaces/cmake/ament_cmake_export_include_directories-extras.cmake
[0.763s] -- Up-to-date: /workspaces/isaac_ros-dev/install/isaac_ros_apriltag_interfaces/share/isaac_ros_apriltag_interfaces/cmake/ament_cmake_export_libraries-extras.cmake
[0.763s] -- Up-to-date: /workspaces/isaac_ros-dev/install/isaac_ros_apriltag_interfaces/share/isaac_ros_apriltag_interfaces/cmake/ament_cmake_export_targets-extras.cmake
[0.763s] -- Up-to-date: /workspaces/isaac_ros-dev/install/isaac_ros_apriltag_interfaces/share/isaac_ros_apriltag_interfaces/cmake/rosidl_cmake_export_typesupport_targets-extras.cmake
[0.763s] -- Up-to-date: /workspaces/isaac_ros-dev/install/isaac_ros_apriltag_interfaces/share/isaac_ros_apriltag_interfaces/cmake/rosidl_cmake_export_typesupport_libraries-extras.cmake
[0.763s] -- Up-to-date: /workspaces/isaac_ros-dev/install/isaac_ros_apriltag_interfaces/share/isaac_ros_apriltag_interfaces/cmake/isaac_ros_apriltag_interfacesConfig.cmake
[0.763s] -- Up-to-date: /workspaces/isaac_ros-dev/install/isaac_ros_apriltag_interfaces/share/isaac_ros_apriltag_interfaces/cmake/isaac_ros_apriltag_interfacesConfig-version.cmake
[0.763s] -- Up-to-date: /workspaces/isaac_ros-dev/install/isaac_ros_apriltag_interfaces/share/isaac_ros_apriltag_interfaces/package.xml
[0.788s] Invoked command in '/workspaces/isaac_ros-dev/build/isaac_ros_apriltag_interfaces' returned '0': AMENT_PREFIX_PATH=/workspaces/isaac_ros-dev/install/isaac_ros_common:${AMENT_PREFIX_PATH} CMAKE_PREFIX_PATH=/workspaces/isaac_ros-dev/install/isaac_ros_common:/usr/local/libcudss-linux-0.3.0.9_cuda12-archive:/opt/ros/humble LD_LIBRARY_PATH=/workspaces/isaac_ros-dev/install/isaac_ros_common/lib:${LD_LIBRARY_PATH} PATH=/workspaces/isaac_ros-dev/install/isaac_ros_common/bin:${PATH} PYTHONPATH=/workspaces/isaac_ros-dev/install/isaac_ros_common/local/lib/python3.10/dist-packages:${PYTHONPATH} /usr/bin/cmake --install /workspaces/isaac_ros-dev/build/isaac_ros_apriltag_interfaces
