[0.017s] Invoking command in '/workspaces/isaac_ros-dev/build/isaac_ros_tensor_list_interfaces': AMENT_PREFIX_PATH=/workspaces/isaac_ros-dev/install/isaac_ros_common:${AMENT_PREFIX_PATH} CMAKE_PREFIX_PATH=/workspaces/isaac_ros-dev/install/isaac_ros_common:/usr/local/libcudss-linux-0.3.0.9_cuda12-archive:/opt/ros/humble LD_LIBRARY_PATH=/workspaces/isaac_ros-dev/install/isaac_ros_common/lib:${LD_LIBRARY_PATH} PATH=/workspaces/isaac_ros-dev/install/isaac_ros_common/bin:${PATH} PYTHONPATH=/workspaces/isaac_ros-dev/install/isaac_ros_common/local/lib/python3.10/dist-packages:${PYTHONPATH} /usr/bin/cmake /workspaces/isaac_ros-dev/isaac_ros_tensor_list_interfaces -DCMAKE_INSTALL_PREFIX=/workspaces/isaac_ros-dev/install/isaac_ros_tensor_list_interfaces
[0.064s] -- The C compiler identification is GNU 11.4.0
[0.109s] -- The CXX compiler identification is GNU 11.4.0
[0.114s] -- Detecting C compiler ABI info
[0.179s] -- Detecting C compiler ABI info - done
[0.183s] -- Check for working C compiler: /usr/bin/cc - skipped
[0.184s] -- Detecting C compile features
[0.184s] -- Detecting C compile features - done
[0.186s] -- Detecting CXX compiler ABI info
[0.258s] -- Detecting CXX compiler ABI info - done
[0.263s] -- Check for working CXX compiler: /usr/bin/c++ - skipped
[0.263s] -- Detecting CXX compile features
[0.264s] -- Detecting CXX compile features - done
[0.266s] -- Found ament_cmake_auto: 1.3.11 (/opt/ros/humble/share/ament_cmake_auto/cmake)
[0.821s] -- Found Python3: /usr/bin/python3 (found version "3.10.12") found components: Interpreter 
[0.966s] -- Using all available rosidl_typesupport_c: rosidl_typesupport_fastrtps_c;rosidl_typesupport_introspection_c
[0.973s] -- Found rosidl_adapter: 3.1.6 (/opt/ros/humble/share/rosidl_adapter/cmake)
[1.011s] -- Using all available rosidl_typesupport_cpp: rosidl_typesupport_fastrtps_cpp;rosidl_typesupport_introspection_cpp
[1.039s] -- Loading isaac_ros_common extras
[1.039s] -- CMAKE_BUILD_TYPE: Release
[1.056s] -- Looking for pthread.h
[1.122s] -- Looking for pthread.h - found
[1.122s] -- Performing Test CMAKE_HAVE_LIBC_PTHREAD
[1.191s] -- Performing Test CMAKE_HAVE_LIBC_PTHREAD - Success
[1.191s] -- Found Threads: TRUE  
[1.202s] -- Found CUDA: /usr/local/cuda (found version "12.6") 
[1.202s] -- CUDA architectures: 89;86;80;75;70
[1.202s] -- Loading isaac_ros_common extras (modules)
[1.250s] -- Found rmw_implementation_cmake: 6.1.2 (/opt/ros/humble/share/rmw_implementation_cmake/cmake)
[1.253s] -- Found rmw_fastrtps_cpp: 6.2.7 (/opt/ros/humble/share/rmw_fastrtps_cpp/cmake)
[1.348s] -- Found OpenSSL: /usr/lib/x86_64-linux-gnu/libcrypto.so (found version "3.0.2")  
[1.377s] -- Found FastRTPS: /opt/ros/humble/include  
[1.433s] -- Using RMW implementation 'rmw_fastrtps_cpp' as default
[1.653s] -- Found ament_cmake_ros: 0.10.0 (/opt/ros/humble/share/ament_cmake_ros/cmake)
[1.835s] -- Using all available rosidl_typesupport_c: rosidl_typesupport_fastrtps_c;rosidl_typesupport_introspection_c
[2.076s] -- Using all available rosidl_typesupport_cpp: rosidl_typesupport_fastrtps_cpp;rosidl_typesupport_introspection_cpp
[2.101s] -- Found PythonInterp: /usr/bin/python3 (found suitable version "3.10.12", minimum required is "3.6") 
[2.103s] -- Found python_cmake_module: 0.10.0 (/opt/ros/humble/share/python_cmake_module/cmake)
[2.128s] -- Found PythonLibs: /usr/lib/x86_64-linux-gnu/libpython3.10.so (found suitable version "3.10.12", minimum required is "3.5") 
[2.128s] -- Using PYTHON_EXECUTABLE: /usr/bin/python3
[2.128s] -- Using PYTHON_INCLUDE_DIRS: /usr/include/python3.10
[2.128s] -- Using PYTHON_LIBRARIES: /usr/lib/x86_64-linux-gnu/libpython3.10.so
[2.150s] -- Found PythonExtra: .so  
[2.190s] -- Found ament_lint_auto: 0.12.11 (/opt/ros/humble/share/ament_lint_auto/cmake)
[2.261s] -- Added test 'copyright' to check source files copyright and LICENSE
[2.262s] -- Added test 'lint_cmake' to check CMake code style
[2.263s] -- Added test 'xmllint' to check XML markup files
[2.265s] -- Configuring done
[2.297s] -- Generating done
[2.306s] -- Build files have been written to: /workspaces/isaac_ros-dev/build/isaac_ros_tensor_list_interfaces
[2.317s] Invoked command in '/workspaces/isaac_ros-dev/build/isaac_ros_tensor_list_interfaces' returned '0': AMENT_PREFIX_PATH=/workspaces/isaac_ros-dev/install/isaac_ros_common:${AMENT_PREFIX_PATH} CMAKE_PREFIX_PATH=/workspaces/isaac_ros-dev/install/isaac_ros_common:/usr/local/libcudss-linux-0.3.0.9_cuda12-archive:/opt/ros/humble LD_LIBRARY_PATH=/workspaces/isaac_ros-dev/install/isaac_ros_common/lib:${LD_LIBRARY_PATH} PATH=/workspaces/isaac_ros-dev/install/isaac_ros_common/bin:${PATH} PYTHONPATH=/workspaces/isaac_ros-dev/install/isaac_ros_common/local/lib/python3.10/dist-packages:${PYTHONPATH} /usr/bin/cmake /workspaces/isaac_ros-dev/isaac_ros_tensor_list_interfaces -DCMAKE_INSTALL_PREFIX=/workspaces/isaac_ros-dev/install/isaac_ros_tensor_list_interfaces
[2.318s] Invoking command in '/workspaces/isaac_ros-dev/build/isaac_ros_tensor_list_interfaces': AMENT_PREFIX_PATH=/workspaces/isaac_ros-dev/install/isaac_ros_common:${AMENT_PREFIX_PATH} CMAKE_PREFIX_PATH=/workspaces/isaac_ros-dev/install/isaac_ros_common:/usr/local/libcudss-linux-0.3.0.9_cuda12-archive:/opt/ros/humble LD_LIBRARY_PATH=/workspaces/isaac_ros-dev/install/isaac_ros_common/lib:${LD_LIBRARY_PATH} PATH=/workspaces/isaac_ros-dev/install/isaac_ros_common/bin:${PATH} PYTHONPATH=/workspaces/isaac_ros-dev/install/isaac_ros_common/local/lib/python3.10/dist-packages:${PYTHONPATH} /usr/bin/cmake --build /workspaces/isaac_ros-dev/build/isaac_ros_tensor_list_interfaces -- -j16 -l16
[2.359s] [  2%] [34m[1mGenerating C code for ROS interfaces[0m
[2.373s] [  4%] [34m[1mGenerating version information as YAML[0m
[2.373s] [  6%] [34m[1mGenerating C++ code for ROS interfaces[0m
[2.384s] [  6%] Built target ament_cmake_python_copy_isaac_ros_tensor_list_interfaces
[2.462s] [  6%] Built target generate_version_info_target_isaac_ros_tensor_list_interfaces
[2.892s] [  6%] Built target isaac_ros_tensor_list_interfaces__cpp
[2.950s] [ 10%] [34m[1mGenerating C++ type support dispatch for ROS interfaces[0m
[2.950s] [ 10%] [34m[1mGenerating C++ type support for eProsima Fast-RTPS[0m
[2.960s] [ 12%] [34m[1mGenerating C++ introspection for ROS interfaces[0m
[2.968s] running egg_info
[2.968s] creating isaac_ros_tensor_list_interfaces.egg-info
[2.984s] writing isaac_ros_tensor_list_interfaces.egg-info/PKG-INFO
[2.984s] writing dependency_links to isaac_ros_tensor_list_interfaces.egg-info/dependency_links.txt
[2.985s] writing top-level names to isaac_ros_tensor_list_interfaces.egg-info/top_level.txt
[2.985s] writing manifest file 'isaac_ros_tensor_list_interfaces.egg-info/SOURCES.txt'
[3.001s] [ 14%] [32mBuilding C object CMakeFiles/isaac_ros_tensor_list_interfaces__rosidl_generator_c.dir/rosidl_generator_c/isaac_ros_tensor_list_interfaces/msg/detail/tensor_shape__functions.c.o[0m
[3.009s] [ 16%] [32mBuilding C object CMakeFiles/isaac_ros_tensor_list_interfaces__rosidl_generator_c.dir/rosidl_generator_c/isaac_ros_tensor_list_interfaces/msg/detail/tensor_list__functions.c.o[0m
[3.019s] [ 18%] [32mBuilding C object CMakeFiles/isaac_ros_tensor_list_interfaces__rosidl_generator_c.dir/rosidl_generator_c/isaac_ros_tensor_list_interfaces/msg/detail/tensor__functions.c.o[0m
[3.102s] ERROR setuptools_scm._file_finders.git listing git files failed - pretending there aren't any
[3.183s] [ 20%] [32m[1mLinking C shared library libisaac_ros_tensor_list_interfaces__rosidl_generator_c.so[0m
[3.297s] [ 20%] Built target isaac_ros_tensor_list_interfaces__rosidl_generator_c
[3.329s] [ 22%] [34m[1mGenerating C type support dispatch for ROS interfaces[0m
[3.334s] [ 27%] [34m[1mGenerating C type support for eProsima Fast-RTPS[0m
[3.334s] [ 27%] [34m[1mGenerating C introspection for ROS interfaces[0m
[3.538s] reading manifest file 'isaac_ros_tensor_list_interfaces.egg-info/SOURCES.txt'
[3.539s] writing manifest file 'isaac_ros_tensor_list_interfaces.egg-info/SOURCES.txt'
[3.866s] [ 27%] Built target ament_cmake_python_build_isaac_ros_tensor_list_interfaces_egg
[3.925s] [ 29%] [32mBuilding CXX object CMakeFiles/isaac_ros_tensor_list_interfaces__rosidl_typesupport_c.dir/rosidl_typesupport_c/isaac_ros_tensor_list_interfaces/msg/tensor_shape__type_support.cpp.o[0m
[3.933s] [ 31%] [32mBuilding CXX object CMakeFiles/isaac_ros_tensor_list_interfaces__rosidl_typesupport_c.dir/rosidl_typesupport_c/isaac_ros_tensor_list_interfaces/msg/tensor_list__type_support.cpp.o[0m
[3.942s] [ 33%] [32mBuilding CXX object CMakeFiles/isaac_ros_tensor_list_interfaces__rosidl_typesupport_c.dir/rosidl_typesupport_c/isaac_ros_tensor_list_interfaces/msg/tensor__type_support.cpp.o[0m
[3.979s] [ 35%] [32mBuilding CXX object CMakeFiles/isaac_ros_tensor_list_interfaces__rosidl_typesupport_introspection_cpp.dir/rosidl_typesupport_introspection_cpp/isaac_ros_tensor_list_interfaces/msg/detail/tensor_shape__type_support.cpp.o[0m
[3.983s] [ 37%] [32mBuilding CXX object CMakeFiles/isaac_ros_tensor_list_interfaces__rosidl_typesupport_introspection_cpp.dir/rosidl_typesupport_introspection_cpp/isaac_ros_tensor_list_interfaces/msg/detail/tensor_list__type_support.cpp.o[0m
[3.996s] [ 39%] [32mBuilding CXX object CMakeFiles/isaac_ros_tensor_list_interfaces__rosidl_typesupport_introspection_cpp.dir/rosidl_typesupport_introspection_cpp/isaac_ros_tensor_list_interfaces/msg/detail/tensor__type_support.cpp.o[0m
[4.065s] [ 41%] [32m[1mLinking CXX shared library libisaac_ros_tensor_list_interfaces__rosidl_typesupport_c.so[0m
[4.119s] [ 45%] [32mBuilding CXX object CMakeFiles/isaac_ros_tensor_list_interfaces__rosidl_typesupport_cpp.dir/rosidl_typesupport_cpp/isaac_ros_tensor_list_interfaces/msg/tensor_list__type_support.cpp.o[0m
[4.123s] [ 45%] [32mBuilding CXX object CMakeFiles/isaac_ros_tensor_list_interfaces__rosidl_typesupport_cpp.dir/rosidl_typesupport_cpp/isaac_ros_tensor_list_interfaces/msg/tensor__type_support.cpp.o[0m
[4.126s] [ 50%] [32mBuilding CXX object CMakeFiles/isaac_ros_tensor_list_interfaces__rosidl_typesupport_cpp.dir/rosidl_typesupport_cpp/isaac_ros_tensor_list_interfaces/msg/tensor_shape__type_support.cpp.o[0m
[4.127s] [ 50%] [32mBuilding CXX object CMakeFiles/isaac_ros_tensor_list_interfaces__rosidl_typesupport_fastrtps_cpp.dir/rosidl_typesupport_fastrtps_cpp/isaac_ros_tensor_list_interfaces/msg/detail/dds_fastrtps/tensor_shape__type_support.cpp.o[0m
[4.131s] [ 52%] [32mBuilding CXX object CMakeFiles/isaac_ros_tensor_list_interfaces__rosidl_typesupport_fastrtps_cpp.dir/rosidl_typesupport_fastrtps_cpp/isaac_ros_tensor_list_interfaces/msg/detail/dds_fastrtps/tensor__type_support.cpp.o[0m
[4.147s] [ 54%] [32mBuilding CXX object CMakeFiles/isaac_ros_tensor_list_interfaces__rosidl_typesupport_fastrtps_cpp.dir/rosidl_typesupport_fastrtps_cpp/isaac_ros_tensor_list_interfaces/msg/detail/dds_fastrtps/tensor_list__type_support.cpp.o[0m
[4.166s] [ 54%] Built target isaac_ros_tensor_list_interfaces__rosidl_typesupport_c
[4.266s] [ 56%] [32mBuilding CXX object CMakeFiles/isaac_ros_tensor_list_interfaces__rosidl_typesupport_fastrtps_c.dir/rosidl_typesupport_fastrtps_c/isaac_ros_tensor_list_interfaces/msg/detail/tensor__type_support_c.cpp.o[0m
[4.270s] [ 58%] [32mBuilding CXX object CMakeFiles/isaac_ros_tensor_list_interfaces__rosidl_typesupport_fastrtps_c.dir/rosidl_typesupport_fastrtps_c/isaac_ros_tensor_list_interfaces/msg/detail/tensor_shape__type_support_c.cpp.o[0m
[4.270s] [ 60%] [32mBuilding CXX object CMakeFiles/isaac_ros_tensor_list_interfaces__rosidl_typesupport_fastrtps_c.dir/rosidl_typesupport_fastrtps_c/isaac_ros_tensor_list_interfaces/msg/detail/tensor_list__type_support_c.cpp.o[0m
[4.307s] [ 62%] [32mBuilding C object CMakeFiles/isaac_ros_tensor_list_interfaces__rosidl_typesupport_introspection_c.dir/rosidl_typesupport_introspection_c/isaac_ros_tensor_list_interfaces/msg/detail/tensor_shape__type_support.c.o[0m
[4.319s] [ 64%] [32mBuilding C object CMakeFiles/isaac_ros_tensor_list_interfaces__rosidl_typesupport_introspection_c.dir/rosidl_typesupport_introspection_c/isaac_ros_tensor_list_interfaces/msg/detail/tensor__type_support.c.o[0m
[4.331s] [ 66%] [32mBuilding C object CMakeFiles/isaac_ros_tensor_list_interfaces__rosidl_typesupport_introspection_c.dir/rosidl_typesupport_introspection_c/isaac_ros_tensor_list_interfaces/msg/detail/tensor_list__type_support.c.o[0m
[4.449s] [ 68%] [32m[1mLinking C shared library libisaac_ros_tensor_list_interfaces__rosidl_typesupport_introspection_c.so[0m
[4.539s] [ 68%] Built target isaac_ros_tensor_list_interfaces__rosidl_typesupport_introspection_c
[4.799s] [ 70%] [32m[1mLinking CXX shared library libisaac_ros_tensor_list_interfaces__rosidl_typesupport_cpp.so[0m
[4.857s] [ 70%] Built target isaac_ros_tensor_list_interfaces__rosidl_typesupport_cpp
[4.880s] [ 72%] [32m[1mLinking CXX shared library libisaac_ros_tensor_list_interfaces__rosidl_typesupport_fastrtps_c.so[0m
[4.956s] [ 72%] Built target isaac_ros_tensor_list_interfaces__rosidl_typesupport_fastrtps_c
[4.964s] [ 75%] [32m[1mLinking CXX shared library libisaac_ros_tensor_list_interfaces__rosidl_typesupport_introspection_cpp.so[0m
[4.971s] [ 77%] [32m[1mLinking CXX shared library libisaac_ros_tensor_list_interfaces__rosidl_typesupport_fastrtps_cpp.so[0m
[5.032s] [ 77%] Built target isaac_ros_tensor_list_interfaces__rosidl_typesupport_introspection_cpp
[5.040s] [ 77%] Built target isaac_ros_tensor_list_interfaces__rosidl_typesupport_fastrtps_cpp
[5.064s] [ 77%] Built target isaac_ros_tensor_list_interfaces
[5.087s] [ 79%] [34m[1mGenerating Python code for ROS interfaces[0m
[5.492s] [ 79%] Built target isaac_ros_tensor_list_interfaces__py
[5.518s] [ 85%] [32mBuilding C object CMakeFiles/isaac_ros_tensor_list_interfaces__rosidl_generator_py.dir/rosidl_generator_py/isaac_ros_tensor_list_interfaces/msg/_tensor_s.c.o[0m
[5.518s] [ 85%] [32mBuilding C object CMakeFiles/isaac_ros_tensor_list_interfaces__rosidl_generator_py.dir/rosidl_generator_py/isaac_ros_tensor_list_interfaces/msg/_tensor_list_s.c.o[0m
[5.518s] [ 85%] [32mBuilding C object CMakeFiles/isaac_ros_tensor_list_interfaces__rosidl_generator_py.dir/rosidl_generator_py/isaac_ros_tensor_list_interfaces/msg/_tensor_shape_s.c.o[0m
[5.659s] [ 87%] [32m[1mLinking C shared library rosidl_generator_py/isaac_ros_tensor_list_interfaces/libisaac_ros_tensor_list_interfaces__rosidl_generator_py.so[0m
[5.697s] [ 87%] Built target isaac_ros_tensor_list_interfaces__rosidl_generator_py
[5.721s] [ 93%] [32mBuilding C object CMakeFiles/isaac_ros_tensor_list_interfaces__rosidl_typesupport_c__pyext.dir/rosidl_generator_py/isaac_ros_tensor_list_interfaces/_isaac_ros_tensor_list_interfaces_s.ep.rosidl_typesupport_c.c.o[0m
[5.721s] [ 93%] [32mBuilding C object CMakeFiles/isaac_ros_tensor_list_interfaces__rosidl_typesupport_introspection_c__pyext.dir/rosidl_generator_py/isaac_ros_tensor_list_interfaces/_isaac_ros_tensor_list_interfaces_s.ep.rosidl_typesupport_introspection_c.c.o[0m
[5.721s] [ 93%] [32mBuilding C object CMakeFiles/isaac_ros_tensor_list_interfaces__rosidl_typesupport_fastrtps_c__pyext.dir/rosidl_generator_py/isaac_ros_tensor_list_interfaces/_isaac_ros_tensor_list_interfaces_s.ep.rosidl_typesupport_fastrtps_c.c.o[0m
[5.827s] [ 97%] [32m[1mLinking C shared library rosidl_generator_py/isaac_ros_tensor_list_interfaces/isaac_ros_tensor_list_interfaces_s__rosidl_typesupport_introspection_c.cpython-310-x86_64-linux-gnu.so[0m
[5.827s] [ 97%] [32m[1mLinking C shared library rosidl_generator_py/isaac_ros_tensor_list_interfaces/isaac_ros_tensor_list_interfaces_s__rosidl_typesupport_c.cpython-310-x86_64-linux-gnu.so[0m
[5.828s] [100%] [32m[1mLinking C shared library rosidl_generator_py/isaac_ros_tensor_list_interfaces/isaac_ros_tensor_list_interfaces_s__rosidl_typesupport_fastrtps_c.cpython-310-x86_64-linux-gnu.so[0m
[5.863s] [100%] Built target isaac_ros_tensor_list_interfaces__rosidl_typesupport_c__pyext
[5.863s] [100%] Built target isaac_ros_tensor_list_interfaces__rosidl_typesupport_fastrtps_c__pyext
[5.863s] [100%] Built target isaac_ros_tensor_list_interfaces__rosidl_typesupport_introspection_c__pyext
[5.875s] Invoked command in '/workspaces/isaac_ros-dev/build/isaac_ros_tensor_list_interfaces' returned '0': AMENT_PREFIX_PATH=/workspaces/isaac_ros-dev/install/isaac_ros_common:${AMENT_PREFIX_PATH} CMAKE_PREFIX_PATH=/workspaces/isaac_ros-dev/install/isaac_ros_common:/usr/local/libcudss-linux-0.3.0.9_cuda12-archive:/opt/ros/humble LD_LIBRARY_PATH=/workspaces/isaac_ros-dev/install/isaac_ros_common/lib:${LD_LIBRARY_PATH} PATH=/workspaces/isaac_ros-dev/install/isaac_ros_common/bin:${PATH} PYTHONPATH=/workspaces/isaac_ros-dev/install/isaac_ros_common/local/lib/python3.10/dist-packages:${PYTHONPATH} /usr/bin/cmake --build /workspaces/isaac_ros-dev/build/isaac_ros_tensor_list_interfaces -- -j16 -l16
[5.876s] Invoking command in '/workspaces/isaac_ros-dev/build/isaac_ros_tensor_list_interfaces': AMENT_PREFIX_PATH=/workspaces/isaac_ros-dev/install/isaac_ros_common:${AMENT_PREFIX_PATH} CMAKE_PREFIX_PATH=/workspaces/isaac_ros-dev/install/isaac_ros_common:/usr/local/libcudss-linux-0.3.0.9_cuda12-archive:/opt/ros/humble LD_LIBRARY_PATH=/workspaces/isaac_ros-dev/install/isaac_ros_common/lib:${LD_LIBRARY_PATH} PATH=/workspaces/isaac_ros-dev/install/isaac_ros_common/bin:${PATH} PYTHONPATH=/workspaces/isaac_ros-dev/install/isaac_ros_common/local/lib/python3.10/dist-packages:${PYTHONPATH} /usr/bin/cmake --install /workspaces/isaac_ros-dev/build/isaac_ros_tensor_list_interfaces
[5.884s] -- Install configuration: "Release"
[5.885s] -- Installing: /workspaces/isaac_ros-dev/install/isaac_ros_tensor_list_interfaces/share/ament_index/resource_index/rosidl_interfaces/isaac_ros_tensor_list_interfaces
[5.885s] -- Installing: /workspaces/isaac_ros-dev/install/isaac_ros_tensor_list_interfaces/include/isaac_ros_tensor_list_interfaces/isaac_ros_tensor_list_interfaces
[5.885s] -- Installing: /workspaces/isaac_ros-dev/install/isaac_ros_tensor_list_interfaces/include/isaac_ros_tensor_list_interfaces/isaac_ros_tensor_list_interfaces/msg
[5.885s] -- Installing: /workspaces/isaac_ros-dev/install/isaac_ros_tensor_list_interfaces/include/isaac_ros_tensor_list_interfaces/isaac_ros_tensor_list_interfaces/msg/rosidl_generator_c__visibility_control.h
[5.885s] -- Installing: /workspaces/isaac_ros-dev/install/isaac_ros_tensor_list_interfaces/include/isaac_ros_tensor_list_interfaces/isaac_ros_tensor_list_interfaces/msg/tensor.h
[5.885s] -- Installing: /workspaces/isaac_ros-dev/install/isaac_ros_tensor_list_interfaces/include/isaac_ros_tensor_list_interfaces/isaac_ros_tensor_list_interfaces/msg/tensor_shape.h
[5.885s] -- Installing: /workspaces/isaac_ros-dev/install/isaac_ros_tensor_list_interfaces/include/isaac_ros_tensor_list_interfaces/isaac_ros_tensor_list_interfaces/msg/tensor_list.h
[5.885s] -- Installing: /workspaces/isaac_ros-dev/install/isaac_ros_tensor_list_interfaces/include/isaac_ros_tensor_list_interfaces/isaac_ros_tensor_list_interfaces/msg/detail
[5.885s] -- Installing: /workspaces/isaac_ros-dev/install/isaac_ros_tensor_list_interfaces/include/isaac_ros_tensor_list_interfaces/isaac_ros_tensor_list_interfaces/msg/detail/tensor_list__functions.h
[5.886s] -- Installing: /workspaces/isaac_ros-dev/install/isaac_ros_tensor_list_interfaces/include/isaac_ros_tensor_list_interfaces/isaac_ros_tensor_list_interfaces/msg/detail/tensor_list__struct.h
[5.886s] -- Installing: /workspaces/isaac_ros-dev/install/isaac_ros_tensor_list_interfaces/include/isaac_ros_tensor_list_interfaces/isaac_ros_tensor_list_interfaces/msg/detail/tensor_shape__functions.h
[5.886s] -- Installing: /workspaces/isaac_ros-dev/install/isaac_ros_tensor_list_interfaces/include/isaac_ros_tensor_list_interfaces/isaac_ros_tensor_list_interfaces/msg/detail/tensor_list__type_support.h
[5.886s] -- Installing: /workspaces/isaac_ros-dev/install/isaac_ros_tensor_list_interfaces/include/isaac_ros_tensor_list_interfaces/isaac_ros_tensor_list_interfaces/msg/detail/tensor__struct.h
[5.886s] -- Installing: /workspaces/isaac_ros-dev/install/isaac_ros_tensor_list_interfaces/include/isaac_ros_tensor_list_interfaces/isaac_ros_tensor_list_interfaces/msg/detail/tensor_shape__type_support.h
[5.886s] -- Installing: /workspaces/isaac_ros-dev/install/isaac_ros_tensor_list_interfaces/include/isaac_ros_tensor_list_interfaces/isaac_ros_tensor_list_interfaces/msg/detail/tensor_shape__functions.c
[5.886s] -- Installing: /workspaces/isaac_ros-dev/install/isaac_ros_tensor_list_interfaces/include/isaac_ros_tensor_list_interfaces/isaac_ros_tensor_list_interfaces/msg/detail/tensor__functions.h
[5.886s] -- Installing: /workspaces/isaac_ros-dev/install/isaac_ros_tensor_list_interfaces/include/isaac_ros_tensor_list_interfaces/isaac_ros_tensor_list_interfaces/msg/detail/tensor_list__functions.c
[5.886s] -- Installing: /workspaces/isaac_ros-dev/install/isaac_ros_tensor_list_interfaces/include/isaac_ros_tensor_list_interfaces/isaac_ros_tensor_list_interfaces/msg/detail/tensor__functions.c
[5.886s] -- Installing: /workspaces/isaac_ros-dev/install/isaac_ros_tensor_list_interfaces/include/isaac_ros_tensor_list_interfaces/isaac_ros_tensor_list_interfaces/msg/detail/tensor_shape__struct.h
[5.886s] -- Installing: /workspaces/isaac_ros-dev/install/isaac_ros_tensor_list_interfaces/include/isaac_ros_tensor_list_interfaces/isaac_ros_tensor_list_interfaces/msg/detail/tensor__type_support.h
[5.887s] -- Installing: /workspaces/isaac_ros-dev/install/isaac_ros_tensor_list_interfaces/share/isaac_ros_tensor_list_interfaces/environment/library_path.sh
[5.887s] -- Installing: /workspaces/isaac_ros-dev/install/isaac_ros_tensor_list_interfaces/share/isaac_ros_tensor_list_interfaces/environment/library_path.dsv
[5.887s] -- Installing: /workspaces/isaac_ros-dev/install/isaac_ros_tensor_list_interfaces/lib/libisaac_ros_tensor_list_interfaces__rosidl_generator_c.so
[5.887s] -- Set runtime path of "/workspaces/isaac_ros-dev/install/isaac_ros_tensor_list_interfaces/lib/libisaac_ros_tensor_list_interfaces__rosidl_generator_c.so" to ""
[5.887s] -- Up-to-date: /workspaces/isaac_ros-dev/install/isaac_ros_tensor_list_interfaces/include/isaac_ros_tensor_list_interfaces/isaac_ros_tensor_list_interfaces
[5.887s] -- Up-to-date: /workspaces/isaac_ros-dev/install/isaac_ros_tensor_list_interfaces/include/isaac_ros_tensor_list_interfaces/isaac_ros_tensor_list_interfaces/msg
[5.887s] -- Installing: /workspaces/isaac_ros-dev/install/isaac_ros_tensor_list_interfaces/include/isaac_ros_tensor_list_interfaces/isaac_ros_tensor_list_interfaces/msg/rosidl_typesupport_fastrtps_c__visibility_control.h
[5.887s] -- Up-to-date: /workspaces/isaac_ros-dev/install/isaac_ros_tensor_list_interfaces/include/isaac_ros_tensor_list_interfaces/isaac_ros_tensor_list_interfaces/msg/detail
[5.887s] -- Installing: /workspaces/isaac_ros-dev/install/isaac_ros_tensor_list_interfaces/include/isaac_ros_tensor_list_interfaces/isaac_ros_tensor_list_interfaces/msg/detail/tensor__rosidl_typesupport_fastrtps_c.h
[5.887s] -- Installing: /workspaces/isaac_ros-dev/install/isaac_ros_tensor_list_interfaces/include/isaac_ros_tensor_list_interfaces/isaac_ros_tensor_list_interfaces/msg/detail/tensor_shape__rosidl_typesupport_fastrtps_c.h
[5.888s] -- Installing: /workspaces/isaac_ros-dev/install/isaac_ros_tensor_list_interfaces/include/isaac_ros_tensor_list_interfaces/isaac_ros_tensor_list_interfaces/msg/detail/tensor_list__rosidl_typesupport_fastrtps_c.h
[5.888s] -- Installing: /workspaces/isaac_ros-dev/install/isaac_ros_tensor_list_interfaces/lib/libisaac_ros_tensor_list_interfaces__rosidl_typesupport_fastrtps_c.so
[5.888s] -- Set runtime path of "/workspaces/isaac_ros-dev/install/isaac_ros_tensor_list_interfaces/lib/libisaac_ros_tensor_list_interfaces__rosidl_typesupport_fastrtps_c.so" to ""
[5.888s] -- Up-to-date: /workspaces/isaac_ros-dev/install/isaac_ros_tensor_list_interfaces/include/isaac_ros_tensor_list_interfaces/isaac_ros_tensor_list_interfaces
[5.888s] -- Up-to-date: /workspaces/isaac_ros-dev/install/isaac_ros_tensor_list_interfaces/include/isaac_ros_tensor_list_interfaces/isaac_ros_tensor_list_interfaces/msg
[5.888s] -- Installing: /workspaces/isaac_ros-dev/install/isaac_ros_tensor_list_interfaces/include/isaac_ros_tensor_list_interfaces/isaac_ros_tensor_list_interfaces/msg/rosidl_typesupport_introspection_c__visibility_control.h
[5.888s] -- Up-to-date: /workspaces/isaac_ros-dev/install/isaac_ros_tensor_list_interfaces/include/isaac_ros_tensor_list_interfaces/isaac_ros_tensor_list_interfaces/msg/detail
[5.888s] -- Installing: /workspaces/isaac_ros-dev/install/isaac_ros_tensor_list_interfaces/include/isaac_ros_tensor_list_interfaces/isaac_ros_tensor_list_interfaces/msg/detail/tensor_shape__rosidl_typesupport_introspection_c.h
[5.888s] -- Installing: /workspaces/isaac_ros-dev/install/isaac_ros_tensor_list_interfaces/include/isaac_ros_tensor_list_interfaces/isaac_ros_tensor_list_interfaces/msg/detail/tensor__type_support.c
[5.888s] -- Installing: /workspaces/isaac_ros-dev/install/isaac_ros_tensor_list_interfaces/include/isaac_ros_tensor_list_interfaces/isaac_ros_tensor_list_interfaces/msg/detail/tensor_list__type_support.c
[5.889s] -- Installing: /workspaces/isaac_ros-dev/install/isaac_ros_tensor_list_interfaces/include/isaac_ros_tensor_list_interfaces/isaac_ros_tensor_list_interfaces/msg/detail/tensor_shape__type_support.c
[5.889s] -- Installing: /workspaces/isaac_ros-dev/install/isaac_ros_tensor_list_interfaces/include/isaac_ros_tensor_list_interfaces/isaac_ros_tensor_list_interfaces/msg/detail/tensor__rosidl_typesupport_introspection_c.h
[5.889s] -- Installing: /workspaces/isaac_ros-dev/install/isaac_ros_tensor_list_interfaces/include/isaac_ros_tensor_list_interfaces/isaac_ros_tensor_list_interfaces/msg/detail/tensor_list__rosidl_typesupport_introspection_c.h
[5.889s] -- Installing: /workspaces/isaac_ros-dev/install/isaac_ros_tensor_list_interfaces/lib/libisaac_ros_tensor_list_interfaces__rosidl_typesupport_introspection_c.so
[5.889s] -- Set runtime path of "/workspaces/isaac_ros-dev/install/isaac_ros_tensor_list_interfaces/lib/libisaac_ros_tensor_list_interfaces__rosidl_typesupport_introspection_c.so" to ""
[5.889s] -- Installing: /workspaces/isaac_ros-dev/install/isaac_ros_tensor_list_interfaces/lib/libisaac_ros_tensor_list_interfaces__rosidl_typesupport_c.so
[5.889s] -- Set runtime path of "/workspaces/isaac_ros-dev/install/isaac_ros_tensor_list_interfaces/lib/libisaac_ros_tensor_list_interfaces__rosidl_typesupport_c.so" to ""
[5.889s] -- Up-to-date: /workspaces/isaac_ros-dev/install/isaac_ros_tensor_list_interfaces/include/isaac_ros_tensor_list_interfaces/isaac_ros_tensor_list_interfaces
[5.890s] -- Up-to-date: /workspaces/isaac_ros-dev/install/isaac_ros_tensor_list_interfaces/include/isaac_ros_tensor_list_interfaces/isaac_ros_tensor_list_interfaces/msg
[5.890s] -- Installing: /workspaces/isaac_ros-dev/install/isaac_ros_tensor_list_interfaces/include/isaac_ros_tensor_list_interfaces/isaac_ros_tensor_list_interfaces/msg/rosidl_generator_cpp__visibility_control.hpp
[5.890s] -- Installing: /workspaces/isaac_ros-dev/install/isaac_ros_tensor_list_interfaces/include/isaac_ros_tensor_list_interfaces/isaac_ros_tensor_list_interfaces/msg/tensor_list.hpp
[5.890s] -- Installing: /workspaces/isaac_ros-dev/install/isaac_ros_tensor_list_interfaces/include/isaac_ros_tensor_list_interfaces/isaac_ros_tensor_list_interfaces/msg/tensor.hpp
[5.890s] -- Installing: /workspaces/isaac_ros-dev/install/isaac_ros_tensor_list_interfaces/include/isaac_ros_tensor_list_interfaces/isaac_ros_tensor_list_interfaces/msg/tensor_shape.hpp
[5.890s] -- Up-to-date: /workspaces/isaac_ros-dev/install/isaac_ros_tensor_list_interfaces/include/isaac_ros_tensor_list_interfaces/isaac_ros_tensor_list_interfaces/msg/detail
[5.890s] -- Installing: /workspaces/isaac_ros-dev/install/isaac_ros_tensor_list_interfaces/include/isaac_ros_tensor_list_interfaces/isaac_ros_tensor_list_interfaces/msg/detail/tensor__builder.hpp
[5.890s] -- Installing: /workspaces/isaac_ros-dev/install/isaac_ros_tensor_list_interfaces/include/isaac_ros_tensor_list_interfaces/isaac_ros_tensor_list_interfaces/msg/detail/tensor__type_support.hpp
[5.890s] -- Installing: /workspaces/isaac_ros-dev/install/isaac_ros_tensor_list_interfaces/include/isaac_ros_tensor_list_interfaces/isaac_ros_tensor_list_interfaces/msg/detail/tensor_list__struct.hpp
[5.890s] -- Installing: /workspaces/isaac_ros-dev/install/isaac_ros_tensor_list_interfaces/include/isaac_ros_tensor_list_interfaces/isaac_ros_tensor_list_interfaces/msg/detail/tensor_shape__type_support.hpp
[5.890s] -- Installing: /workspaces/isaac_ros-dev/install/isaac_ros_tensor_list_interfaces/include/isaac_ros_tensor_list_interfaces/isaac_ros_tensor_list_interfaces/msg/detail/tensor__traits.hpp
[5.890s] -- Installing: /workspaces/isaac_ros-dev/install/isaac_ros_tensor_list_interfaces/include/isaac_ros_tensor_list_interfaces/isaac_ros_tensor_list_interfaces/msg/detail/tensor_list__type_support.hpp
[5.890s] -- Installing: /workspaces/isaac_ros-dev/install/isaac_ros_tensor_list_interfaces/include/isaac_ros_tensor_list_interfaces/isaac_ros_tensor_list_interfaces/msg/detail/tensor_list__traits.hpp
[5.891s] -- Installing: /workspaces/isaac_ros-dev/install/isaac_ros_tensor_list_interfaces/include/isaac_ros_tensor_list_interfaces/isaac_ros_tensor_list_interfaces/msg/detail/tensor__struct.hpp
[5.891s] -- Installing: /workspaces/isaac_ros-dev/install/isaac_ros_tensor_list_interfaces/include/isaac_ros_tensor_list_interfaces/isaac_ros_tensor_list_interfaces/msg/detail/tensor_shape__traits.hpp
[5.891s] -- Installing: /workspaces/isaac_ros-dev/install/isaac_ros_tensor_list_interfaces/include/isaac_ros_tensor_list_interfaces/isaac_ros_tensor_list_interfaces/msg/detail/tensor_list__builder.hpp
[5.891s] -- Installing: /workspaces/isaac_ros-dev/install/isaac_ros_tensor_list_interfaces/include/isaac_ros_tensor_list_interfaces/isaac_ros_tensor_list_interfaces/msg/detail/tensor_shape__struct.hpp
[5.891s] -- Installing: /workspaces/isaac_ros-dev/install/isaac_ros_tensor_list_interfaces/include/isaac_ros_tensor_list_interfaces/isaac_ros_tensor_list_interfaces/msg/detail/tensor_shape__builder.hpp
[5.891s] -- Up-to-date: /workspaces/isaac_ros-dev/install/isaac_ros_tensor_list_interfaces/include/isaac_ros_tensor_list_interfaces/isaac_ros_tensor_list_interfaces
[5.891s] -- Up-to-date: /workspaces/isaac_ros-dev/install/isaac_ros_tensor_list_interfaces/include/isaac_ros_tensor_list_interfaces/isaac_ros_tensor_list_interfaces/msg
[5.891s] -- Installing: /workspaces/isaac_ros-dev/install/isaac_ros_tensor_list_interfaces/include/isaac_ros_tensor_list_interfaces/isaac_ros_tensor_list_interfaces/msg/rosidl_typesupport_fastrtps_cpp__visibility_control.h
[5.891s] -- Up-to-date: /workspaces/isaac_ros-dev/install/isaac_ros_tensor_list_interfaces/include/isaac_ros_tensor_list_interfaces/isaac_ros_tensor_list_interfaces/msg/detail
[5.891s] -- Installing: /workspaces/isaac_ros-dev/install/isaac_ros_tensor_list_interfaces/include/isaac_ros_tensor_list_interfaces/isaac_ros_tensor_list_interfaces/msg/detail/tensor_shape__rosidl_typesupport_fastrtps_cpp.hpp
[5.891s] -- Installing: /workspaces/isaac_ros-dev/install/isaac_ros_tensor_list_interfaces/include/isaac_ros_tensor_list_interfaces/isaac_ros_tensor_list_interfaces/msg/detail/tensor_list__rosidl_typesupport_fastrtps_cpp.hpp
[5.891s] -- Installing: /workspaces/isaac_ros-dev/install/isaac_ros_tensor_list_interfaces/include/isaac_ros_tensor_list_interfaces/isaac_ros_tensor_list_interfaces/msg/detail/dds_fastrtps
[5.892s] -- Installing: /workspaces/isaac_ros-dev/install/isaac_ros_tensor_list_interfaces/include/isaac_ros_tensor_list_interfaces/isaac_ros_tensor_list_interfaces/msg/detail/tensor__rosidl_typesupport_fastrtps_cpp.hpp
[5.892s] -- Installing: /workspaces/isaac_ros-dev/install/isaac_ros_tensor_list_interfaces/lib/libisaac_ros_tensor_list_interfaces__rosidl_typesupport_fastrtps_cpp.so
[5.892s] -- Set runtime path of "/workspaces/isaac_ros-dev/install/isaac_ros_tensor_list_interfaces/lib/libisaac_ros_tensor_list_interfaces__rosidl_typesupport_fastrtps_cpp.so" to ""
[5.892s] -- Up-to-date: /workspaces/isaac_ros-dev/install/isaac_ros_tensor_list_interfaces/include/isaac_ros_tensor_list_interfaces/isaac_ros_tensor_list_interfaces
[5.892s] -- Up-to-date: /workspaces/isaac_ros-dev/install/isaac_ros_tensor_list_interfaces/include/isaac_ros_tensor_list_interfaces/isaac_ros_tensor_list_interfaces/msg
[5.892s] -- Up-to-date: /workspaces/isaac_ros-dev/install/isaac_ros_tensor_list_interfaces/include/isaac_ros_tensor_list_interfaces/isaac_ros_tensor_list_interfaces/msg/detail
[5.892s] -- Installing: /workspaces/isaac_ros-dev/install/isaac_ros_tensor_list_interfaces/include/isaac_ros_tensor_list_interfaces/isaac_ros_tensor_list_interfaces/msg/detail/tensor_list__type_support.cpp
[5.892s] -- Installing: /workspaces/isaac_ros-dev/install/isaac_ros_tensor_list_interfaces/include/isaac_ros_tensor_list_interfaces/isaac_ros_tensor_list_interfaces/msg/detail/tensor_shape__rosidl_typesupport_introspection_cpp.hpp
[5.892s] -- Installing: /workspaces/isaac_ros-dev/install/isaac_ros_tensor_list_interfaces/include/isaac_ros_tensor_list_interfaces/isaac_ros_tensor_list_interfaces/msg/detail/tensor__type_support.cpp
[5.892s] -- Installing: /workspaces/isaac_ros-dev/install/isaac_ros_tensor_list_interfaces/include/isaac_ros_tensor_list_interfaces/isaac_ros_tensor_list_interfaces/msg/detail/tensor__rosidl_typesupport_introspection_cpp.hpp
[5.893s] -- Installing: /workspaces/isaac_ros-dev/install/isaac_ros_tensor_list_interfaces/include/isaac_ros_tensor_list_interfaces/isaac_ros_tensor_list_interfaces/msg/detail/tensor_shape__type_support.cpp
[5.893s] -- Installing: /workspaces/isaac_ros-dev/install/isaac_ros_tensor_list_interfaces/include/isaac_ros_tensor_list_interfaces/isaac_ros_tensor_list_interfaces/msg/detail/tensor_list__rosidl_typesupport_introspection_cpp.hpp
[5.893s] -- Installing: /workspaces/isaac_ros-dev/install/isaac_ros_tensor_list_interfaces/lib/libisaac_ros_tensor_list_interfaces__rosidl_typesupport_introspection_cpp.so
[5.893s] -- Set runtime path of "/workspaces/isaac_ros-dev/install/isaac_ros_tensor_list_interfaces/lib/libisaac_ros_tensor_list_interfaces__rosidl_typesupport_introspection_cpp.so" to ""
[5.893s] -- Installing: /workspaces/isaac_ros-dev/install/isaac_ros_tensor_list_interfaces/lib/libisaac_ros_tensor_list_interfaces__rosidl_typesupport_cpp.so
[5.893s] -- Set runtime path of "/workspaces/isaac_ros-dev/install/isaac_ros_tensor_list_interfaces/lib/libisaac_ros_tensor_list_interfaces__rosidl_typesupport_cpp.so" to ""
[5.893s] -- Installing: /workspaces/isaac_ros-dev/install/isaac_ros_tensor_list_interfaces/share/isaac_ros_tensor_list_interfaces/environment/pythonpath.sh
[5.894s] -- Installing: /workspaces/isaac_ros-dev/install/isaac_ros_tensor_list_interfaces/share/isaac_ros_tensor_list_interfaces/environment/pythonpath.dsv
[5.894s] -- Installing: /workspaces/isaac_ros-dev/install/isaac_ros_tensor_list_interfaces/local/lib/python3.10/dist-packages/isaac_ros_tensor_list_interfaces-3.2.5-py3.10.egg-info
[5.894s] -- Installing: /workspaces/isaac_ros-dev/install/isaac_ros_tensor_list_interfaces/local/lib/python3.10/dist-packages/isaac_ros_tensor_list_interfaces-3.2.5-py3.10.egg-info/top_level.txt
[5.894s] -- Installing: /workspaces/isaac_ros-dev/install/isaac_ros_tensor_list_interfaces/local/lib/python3.10/dist-packages/isaac_ros_tensor_list_interfaces-3.2.5-py3.10.egg-info/SOURCES.txt
[5.894s] -- Installing: /workspaces/isaac_ros-dev/install/isaac_ros_tensor_list_interfaces/local/lib/python3.10/dist-packages/isaac_ros_tensor_list_interfaces-3.2.5-py3.10.egg-info/dependency_links.txt
[5.894s] -- Installing: /workspaces/isaac_ros-dev/install/isaac_ros_tensor_list_interfaces/local/lib/python3.10/dist-packages/isaac_ros_tensor_list_interfaces-3.2.5-py3.10.egg-info/PKG-INFO
[5.894s] -- Installing: /workspaces/isaac_ros-dev/install/isaac_ros_tensor_list_interfaces/local/lib/python3.10/dist-packages/isaac_ros_tensor_list_interfaces
[5.894s] -- Installing: /workspaces/isaac_ros-dev/install/isaac_ros_tensor_list_interfaces/local/lib/python3.10/dist-packages/isaac_ros_tensor_list_interfaces/_isaac_ros_tensor_list_interfaces_s.ep.rosidl_typesupport_fastrtps_c.c
[5.894s] -- Installing: /workspaces/isaac_ros-dev/install/isaac_ros_tensor_list_interfaces/local/lib/python3.10/dist-packages/isaac_ros_tensor_list_interfaces/isaac_ros_tensor_list_interfaces_s__rosidl_typesupport_fastrtps_c.cpython-310-x86_64-linux-gnu.so
[5.894s] -- Installing: /workspaces/isaac_ros-dev/install/isaac_ros_tensor_list_interfaces/local/lib/python3.10/dist-packages/isaac_ros_tensor_list_interfaces/isaac_ros_tensor_list_interfaces_s__rosidl_typesupport_c.cpython-310-x86_64-linux-gnu.so
[5.894s] -- Installing: /workspaces/isaac_ros-dev/install/isaac_ros_tensor_list_interfaces/local/lib/python3.10/dist-packages/isaac_ros_tensor_list_interfaces/_isaac_ros_tensor_list_interfaces_s.ep.rosidl_typesupport_c.c
[5.895s] -- Installing: /workspaces/isaac_ros-dev/install/isaac_ros_tensor_list_interfaces/local/lib/python3.10/dist-packages/isaac_ros_tensor_list_interfaces/_isaac_ros_tensor_list_interfaces_s.ep.rosidl_typesupport_introspection_c.c
[5.895s] -- Installing: /workspaces/isaac_ros-dev/install/isaac_ros_tensor_list_interfaces/local/lib/python3.10/dist-packages/isaac_ros_tensor_list_interfaces/isaac_ros_tensor_list_interfaces_s__rosidl_typesupport_introspection_c.cpython-310-x86_64-linux-gnu.so
[5.895s] -- Installing: /workspaces/isaac_ros-dev/install/isaac_ros_tensor_list_interfaces/local/lib/python3.10/dist-packages/isaac_ros_tensor_list_interfaces/libisaac_ros_tensor_list_interfaces__rosidl_generator_py.so
[5.895s] -- Installing: /workspaces/isaac_ros-dev/install/isaac_ros_tensor_list_interfaces/local/lib/python3.10/dist-packages/isaac_ros_tensor_list_interfaces/msg
[5.895s] -- Installing: /workspaces/isaac_ros-dev/install/isaac_ros_tensor_list_interfaces/local/lib/python3.10/dist-packages/isaac_ros_tensor_list_interfaces/msg/_tensor_list.py
[5.895s] -- Installing: /workspaces/isaac_ros-dev/install/isaac_ros_tensor_list_interfaces/local/lib/python3.10/dist-packages/isaac_ros_tensor_list_interfaces/msg/_tensor_shape_s.c
[5.895s] -- Installing: /workspaces/isaac_ros-dev/install/isaac_ros_tensor_list_interfaces/local/lib/python3.10/dist-packages/isaac_ros_tensor_list_interfaces/msg/_tensor.py
[5.895s] -- Installing: /workspaces/isaac_ros-dev/install/isaac_ros_tensor_list_interfaces/local/lib/python3.10/dist-packages/isaac_ros_tensor_list_interfaces/msg/_tensor_shape.py
[5.895s] -- Installing: /workspaces/isaac_ros-dev/install/isaac_ros_tensor_list_interfaces/local/lib/python3.10/dist-packages/isaac_ros_tensor_list_interfaces/msg/_tensor_s.c
[5.895s] -- Installing: /workspaces/isaac_ros-dev/install/isaac_ros_tensor_list_interfaces/local/lib/python3.10/dist-packages/isaac_ros_tensor_list_interfaces/msg/__init__.py
[5.895s] -- Installing: /workspaces/isaac_ros-dev/install/isaac_ros_tensor_list_interfaces/local/lib/python3.10/dist-packages/isaac_ros_tensor_list_interfaces/msg/_tensor_list_s.c
[5.895s] -- Installing: /workspaces/isaac_ros-dev/install/isaac_ros_tensor_list_interfaces/local/lib/python3.10/dist-packages/isaac_ros_tensor_list_interfaces/__init__.py
[5.926s] Listing '/workspaces/isaac_ros-dev/install/isaac_ros_tensor_list_interfaces/local/lib/python3.10/dist-packages/isaac_ros_tensor_list_interfaces'...
[5.926s] Compiling '/workspaces/isaac_ros-dev/install/isaac_ros_tensor_list_interfaces/local/lib/python3.10/dist-packages/isaac_ros_tensor_list_interfaces/__init__.py'...
[5.926s] Listing '/workspaces/isaac_ros-dev/install/isaac_ros_tensor_list_interfaces/local/lib/python3.10/dist-packages/isaac_ros_tensor_list_interfaces/msg'...
[5.926s] Compiling '/workspaces/isaac_ros-dev/install/isaac_ros_tensor_list_interfaces/local/lib/python3.10/dist-packages/isaac_ros_tensor_list_interfaces/msg/__init__.py'...
[5.926s] Compiling '/workspaces/isaac_ros-dev/install/isaac_ros_tensor_list_interfaces/local/lib/python3.10/dist-packages/isaac_ros_tensor_list_interfaces/msg/_tensor.py'...
[5.926s] Compiling '/workspaces/isaac_ros-dev/install/isaac_ros_tensor_list_interfaces/local/lib/python3.10/dist-packages/isaac_ros_tensor_list_interfaces/msg/_tensor_list.py'...
[5.926s] Compiling '/workspaces/isaac_ros-dev/install/isaac_ros_tensor_list_interfaces/local/lib/python3.10/dist-packages/isaac_ros_tensor_list_interfaces/msg/_tensor_shape.py'...
[5.930s] -- Installing: /workspaces/isaac_ros-dev/install/isaac_ros_tensor_list_interfaces/local/lib/python3.10/dist-packages/isaac_ros_tensor_list_interfaces/isaac_ros_tensor_list_interfaces_s__rosidl_typesupport_fastrtps_c.cpython-310-x86_64-linux-gnu.so
[5.930s] -- Set runtime path of "/workspaces/isaac_ros-dev/install/isaac_ros_tensor_list_interfaces/local/lib/python3.10/dist-packages/isaac_ros_tensor_list_interfaces/isaac_ros_tensor_list_interfaces_s__rosidl_typesupport_fastrtps_c.cpython-310-x86_64-linux-gnu.so" to ""
[5.930s] -- Installing: /workspaces/isaac_ros-dev/install/isaac_ros_tensor_list_interfaces/local/lib/python3.10/dist-packages/isaac_ros_tensor_list_interfaces/isaac_ros_tensor_list_interfaces_s__rosidl_typesupport_introspection_c.cpython-310-x86_64-linux-gnu.so
[5.931s] -- Set runtime path of "/workspaces/isaac_ros-dev/install/isaac_ros_tensor_list_interfaces/local/lib/python3.10/dist-packages/isaac_ros_tensor_list_interfaces/isaac_ros_tensor_list_interfaces_s__rosidl_typesupport_introspection_c.cpython-310-x86_64-linux-gnu.so" to ""
[5.931s] -- Installing: /workspaces/isaac_ros-dev/install/isaac_ros_tensor_list_interfaces/local/lib/python3.10/dist-packages/isaac_ros_tensor_list_interfaces/isaac_ros_tensor_list_interfaces_s__rosidl_typesupport_c.cpython-310-x86_64-linux-gnu.so
[5.931s] -- Set runtime path of "/workspaces/isaac_ros-dev/install/isaac_ros_tensor_list_interfaces/local/lib/python3.10/dist-packages/isaac_ros_tensor_list_interfaces/isaac_ros_tensor_list_interfaces_s__rosidl_typesupport_c.cpython-310-x86_64-linux-gnu.so" to ""
[5.931s] -- Installing: /workspaces/isaac_ros-dev/install/isaac_ros_tensor_list_interfaces/lib/libisaac_ros_tensor_list_interfaces__rosidl_generator_py.so
[5.931s] -- Set runtime path of "/workspaces/isaac_ros-dev/install/isaac_ros_tensor_list_interfaces/lib/libisaac_ros_tensor_list_interfaces__rosidl_generator_py.so" to ""
[5.931s] -- Installing: /workspaces/isaac_ros-dev/install/isaac_ros_tensor_list_interfaces/share/isaac_ros_tensor_list_interfaces/msg/TensorShape.idl
[5.932s] -- Installing: /workspaces/isaac_ros-dev/install/isaac_ros_tensor_list_interfaces/share/isaac_ros_tensor_list_interfaces/msg/Tensor.idl
[5.932s] -- Installing: /workspaces/isaac_ros-dev/install/isaac_ros_tensor_list_interfaces/share/isaac_ros_tensor_list_interfaces/msg/TensorList.idl
[5.932s] -- Installing: /workspaces/isaac_ros-dev/install/isaac_ros_tensor_list_interfaces/share/isaac_ros_tensor_list_interfaces/msg/TensorShape.msg
[5.932s] -- Installing: /workspaces/isaac_ros-dev/install/isaac_ros_tensor_list_interfaces/share/isaac_ros_tensor_list_interfaces/msg/Tensor.msg
[5.932s] -- Installing: /workspaces/isaac_ros-dev/install/isaac_ros_tensor_list_interfaces/share/isaac_ros_tensor_list_interfaces/msg/TensorList.msg
[5.932s] -- Installing: /workspaces/isaac_ros-dev/install/isaac_ros_tensor_list_interfaces/share/isaac_ros_tensor_list_interfaces/version_info.yaml
[5.932s] -- Installing: /workspaces/isaac_ros-dev/install/isaac_ros_tensor_list_interfaces/share/ament_index/resource_index/package_run_dependencies/isaac_ros_tensor_list_interfaces
[5.932s] -- Installing: /workspaces/isaac_ros-dev/install/isaac_ros_tensor_list_interfaces/share/ament_index/resource_index/parent_prefix_path/isaac_ros_tensor_list_interfaces
[5.932s] -- Installing: /workspaces/isaac_ros-dev/install/isaac_ros_tensor_list_interfaces/share/isaac_ros_tensor_list_interfaces/environment/ament_prefix_path.sh
[5.933s] -- Installing: /workspaces/isaac_ros-dev/install/isaac_ros_tensor_list_interfaces/share/isaac_ros_tensor_list_interfaces/environment/ament_prefix_path.dsv
[5.933s] -- Installing: /workspaces/isaac_ros-dev/install/isaac_ros_tensor_list_interfaces/share/isaac_ros_tensor_list_interfaces/environment/path.sh
[5.933s] -- Installing: /workspaces/isaac_ros-dev/install/isaac_ros_tensor_list_interfaces/share/isaac_ros_tensor_list_interfaces/environment/path.dsv
[5.933s] -- Installing: /workspaces/isaac_ros-dev/install/isaac_ros_tensor_list_interfaces/share/isaac_ros_tensor_list_interfaces/local_setup.bash
[5.933s] -- Installing: /workspaces/isaac_ros-dev/install/isaac_ros_tensor_list_interfaces/share/isaac_ros_tensor_list_interfaces/local_setup.sh
[5.933s] -- Installing: /workspaces/isaac_ros-dev/install/isaac_ros_tensor_list_interfaces/share/isaac_ros_tensor_list_interfaces/local_setup.zsh
[5.933s] -- Installing: /workspaces/isaac_ros-dev/install/isaac_ros_tensor_list_interfaces/share/isaac_ros_tensor_list_interfaces/local_setup.dsv
[5.933s] -- Installing: /workspaces/isaac_ros-dev/install/isaac_ros_tensor_list_interfaces/share/isaac_ros_tensor_list_interfaces/package.dsv
[5.933s] -- Installing: /workspaces/isaac_ros-dev/install/isaac_ros_tensor_list_interfaces/share/ament_index/resource_index/packages/isaac_ros_tensor_list_interfaces
[5.934s] -- Installing: /workspaces/isaac_ros-dev/install/isaac_ros_tensor_list_interfaces/share/isaac_ros_tensor_list_interfaces/cmake/export_isaac_ros_tensor_list_interfaces__rosidl_generator_cExport.cmake
[5.934s] -- Installing: /workspaces/isaac_ros-dev/install/isaac_ros_tensor_list_interfaces/share/isaac_ros_tensor_list_interfaces/cmake/export_isaac_ros_tensor_list_interfaces__rosidl_generator_cExport-release.cmake
[5.934s] -- Installing: /workspaces/isaac_ros-dev/install/isaac_ros_tensor_list_interfaces/share/isaac_ros_tensor_list_interfaces/cmake/export_isaac_ros_tensor_list_interfaces__rosidl_typesupport_fastrtps_cExport.cmake
[5.934s] -- Installing: /workspaces/isaac_ros-dev/install/isaac_ros_tensor_list_interfaces/share/isaac_ros_tensor_list_interfaces/cmake/export_isaac_ros_tensor_list_interfaces__rosidl_typesupport_fastrtps_cExport-release.cmake
[5.934s] -- Installing: /workspaces/isaac_ros-dev/install/isaac_ros_tensor_list_interfaces/share/isaac_ros_tensor_list_interfaces/cmake/isaac_ros_tensor_list_interfaces__rosidl_typesupport_introspection_cExport.cmake
[5.934s] -- Installing: /workspaces/isaac_ros-dev/install/isaac_ros_tensor_list_interfaces/share/isaac_ros_tensor_list_interfaces/cmake/isaac_ros_tensor_list_interfaces__rosidl_typesupport_introspection_cExport-release.cmake
[5.934s] -- Installing: /workspaces/isaac_ros-dev/install/isaac_ros_tensor_list_interfaces/share/isaac_ros_tensor_list_interfaces/cmake/isaac_ros_tensor_list_interfaces__rosidl_typesupport_cExport.cmake
[5.934s] -- Installing: /workspaces/isaac_ros-dev/install/isaac_ros_tensor_list_interfaces/share/isaac_ros_tensor_list_interfaces/cmake/isaac_ros_tensor_list_interfaces__rosidl_typesupport_cExport-release.cmake
[5.934s] -- Installing: /workspaces/isaac_ros-dev/install/isaac_ros_tensor_list_interfaces/share/isaac_ros_tensor_list_interfaces/cmake/export_isaac_ros_tensor_list_interfaces__rosidl_generator_cppExport.cmake
[5.935s] -- Installing: /workspaces/isaac_ros-dev/install/isaac_ros_tensor_list_interfaces/share/isaac_ros_tensor_list_interfaces/cmake/export_isaac_ros_tensor_list_interfaces__rosidl_typesupport_fastrtps_cppExport.cmake
[5.935s] -- Installing: /workspaces/isaac_ros-dev/install/isaac_ros_tensor_list_interfaces/share/isaac_ros_tensor_list_interfaces/cmake/export_isaac_ros_tensor_list_interfaces__rosidl_typesupport_fastrtps_cppExport-release.cmake
[5.935s] -- Installing: /workspaces/isaac_ros-dev/install/isaac_ros_tensor_list_interfaces/share/isaac_ros_tensor_list_interfaces/cmake/isaac_ros_tensor_list_interfaces__rosidl_typesupport_introspection_cppExport.cmake
[5.935s] -- Installing: /workspaces/isaac_ros-dev/install/isaac_ros_tensor_list_interfaces/share/isaac_ros_tensor_list_interfaces/cmake/isaac_ros_tensor_list_interfaces__rosidl_typesupport_introspection_cppExport-release.cmake
[5.935s] -- Installing: /workspaces/isaac_ros-dev/install/isaac_ros_tensor_list_interfaces/share/isaac_ros_tensor_list_interfaces/cmake/isaac_ros_tensor_list_interfaces__rosidl_typesupport_cppExport.cmake
[5.935s] -- Installing: /workspaces/isaac_ros-dev/install/isaac_ros_tensor_list_interfaces/share/isaac_ros_tensor_list_interfaces/cmake/isaac_ros_tensor_list_interfaces__rosidl_typesupport_cppExport-release.cmake
[5.935s] -- Installing: /workspaces/isaac_ros-dev/install/isaac_ros_tensor_list_interfaces/share/isaac_ros_tensor_list_interfaces/cmake/export_isaac_ros_tensor_list_interfaces__rosidl_generator_pyExport.cmake
[5.935s] -- Installing: /workspaces/isaac_ros-dev/install/isaac_ros_tensor_list_interfaces/share/isaac_ros_tensor_list_interfaces/cmake/export_isaac_ros_tensor_list_interfaces__rosidl_generator_pyExport-release.cmake
[5.936s] -- Installing: /workspaces/isaac_ros-dev/install/isaac_ros_tensor_list_interfaces/share/isaac_ros_tensor_list_interfaces/cmake/rosidl_cmake-extras.cmake
[5.936s] -- Installing: /workspaces/isaac_ros-dev/install/isaac_ros_tensor_list_interfaces/share/isaac_ros_tensor_list_interfaces/cmake/ament_cmake_export_dependencies-extras.cmake
[5.936s] -- Installing: /workspaces/isaac_ros-dev/install/isaac_ros_tensor_list_interfaces/share/isaac_ros_tensor_list_interfaces/cmake/ament_cmake_export_include_directories-extras.cmake
[5.936s] -- Installing: /workspaces/isaac_ros-dev/install/isaac_ros_tensor_list_interfaces/share/isaac_ros_tensor_list_interfaces/cmake/ament_cmake_export_libraries-extras.cmake
[5.936s] -- Installing: /workspaces/isaac_ros-dev/install/isaac_ros_tensor_list_interfaces/share/isaac_ros_tensor_list_interfaces/cmake/ament_cmake_export_targets-extras.cmake
[5.936s] -- Installing: /workspaces/isaac_ros-dev/install/isaac_ros_tensor_list_interfaces/share/isaac_ros_tensor_list_interfaces/cmake/rosidl_cmake_export_typesupport_targets-extras.cmake
[5.936s] -- Installing: /workspaces/isaac_ros-dev/install/isaac_ros_tensor_list_interfaces/share/isaac_ros_tensor_list_interfaces/cmake/rosidl_cmake_export_typesupport_libraries-extras.cmake
[5.936s] -- Installing: /workspaces/isaac_ros-dev/install/isaac_ros_tensor_list_interfaces/share/isaac_ros_tensor_list_interfaces/cmake/isaac_ros_tensor_list_interfacesConfig.cmake
[5.936s] -- Installing: /workspaces/isaac_ros-dev/install/isaac_ros_tensor_list_interfaces/share/isaac_ros_tensor_list_interfaces/cmake/isaac_ros_tensor_list_interfacesConfig-version.cmake
[5.936s] -- Installing: /workspaces/isaac_ros-dev/install/isaac_ros_tensor_list_interfaces/share/isaac_ros_tensor_list_interfaces/package.xml
[5.939s] Invoked command in '/workspaces/isaac_ros-dev/build/isaac_ros_tensor_list_interfaces' returned '0': AMENT_PREFIX_PATH=/workspaces/isaac_ros-dev/install/isaac_ros_common:${AMENT_PREFIX_PATH} CMAKE_PREFIX_PATH=/workspaces/isaac_ros-dev/install/isaac_ros_common:/usr/local/libcudss-linux-0.3.0.9_cuda12-archive:/opt/ros/humble LD_LIBRARY_PATH=/workspaces/isaac_ros-dev/install/isaac_ros_common/lib:${LD_LIBRARY_PATH} PATH=/workspaces/isaac_ros-dev/install/isaac_ros_common/bin:${PATH} PYTHONPATH=/workspaces/isaac_ros-dev/install/isaac_ros_common/local/lib/python3.10/dist-packages:${PYTHONPATH} /usr/bin/cmake --install /workspaces/isaac_ros-dev/build/isaac_ros_tensor_list_interfaces
