[0.018s] Invoking command in '/workspaces/isaac_ros-dev/build/isaac_ros_bi3d_interfaces': AMENT_PREFIX_PATH=/workspaces/isaac_ros-dev/install/isaac_ros_common:${AMENT_PREFIX_PATH} CMAKE_PREFIX_PATH=/workspaces/isaac_ros-dev/install/isaac_ros_common:/usr/local/libcudss-linux-0.3.0.9_cuda12-archive:/opt/ros/humble LD_LIBRARY_PATH=/workspaces/isaac_ros-dev/install/isaac_ros_common/lib:${LD_LIBRARY_PATH} PATH=/workspaces/isaac_ros-dev/install/isaac_ros_common/bin:${PATH} PYTHONPATH=/workspaces/isaac_ros-dev/install/isaac_ros_common/local/lib/python3.10/dist-packages:${PYTHONPATH} /usr/bin/cmake --build /workspaces/isaac_ros-dev/build/isaac_ros_bi3d_interfaces -- -j16 -l16
[0.082s] [  3%] Built target generate_version_info_target_isaac_ros_bi3d_interfaces
[0.082s] [  6%] Built target isaac_ros_bi3d_interfaces__cpp
[0.083s] [ 15%] Built target isaac_ros_bi3d_interfaces__rosidl_generator_c
[0.093s] [ 15%] Built target ament_cmake_python_copy_isaac_ros_bi3d_interfaces
[0.137s] [ 25%] Built target isaac_ros_bi3d_interfaces__rosidl_typesupport_introspection_c
[0.143s] [ 34%] Built target isaac_ros_bi3d_interfaces__rosidl_typesupport_fastrtps_cpp
[0.146s] [ 50%] Built target isaac_ros_bi3d_interfaces__rosidl_typesupport_fastrtps_c
[0.149s] [ 53%] Built target isaac_ros_bi3d_interfaces__rosidl_typesupport_c
[0.151s] [ 71%] Built target isaac_ros_bi3d_interfaces__rosidl_typesupport_cpp
[0.152s] [ 68%] Built target isaac_ros_bi3d_interfaces__rosidl_typesupport_introspection_cpp
[0.180s] [ 71%] Built target isaac_ros_bi3d_interfaces
[0.208s] [ 75%] Built target isaac_ros_bi3d_interfaces__py
[0.238s] [ 81%] Built target isaac_ros_bi3d_interfaces__rosidl_generator_py
[0.277s] [ 87%] Built target isaac_ros_bi3d_interfaces__rosidl_typesupport_introspection_c__pyext
[0.279s] [ 93%] Built target isaac_ros_bi3d_interfaces__rosidl_typesupport_fastrtps_c__pyext
[0.279s] [100%] Built target isaac_ros_bi3d_interfaces__rosidl_typesupport_c__pyext
[0.435s] running egg_info
[0.447s] writing isaac_ros_bi3d_interfaces.egg-info/PKG-INFO
[0.447s] writing dependency_links to isaac_ros_bi3d_interfaces.egg-info/dependency_links.txt
[0.447s] writing top-level names to isaac_ros_bi3d_interfaces.egg-info/top_level.txt
[0.517s] ERROR setuptools_scm._file_finders.git listing git files failed - pretending there aren't any
[0.602s] reading manifest file 'isaac_ros_bi3d_interfaces.egg-info/SOURCES.txt'
[0.602s] writing manifest file 'isaac_ros_bi3d_interfaces.egg-info/SOURCES.txt'
[0.659s] [100%] Built target ament_cmake_python_build_isaac_ros_bi3d_interfaces_egg
[0.673s] Invoked command in '/workspaces/isaac_ros-dev/build/isaac_ros_bi3d_interfaces' returned '0': AMENT_PREFIX_PATH=/workspaces/isaac_ros-dev/install/isaac_ros_common:${AMENT_PREFIX_PATH} CMAKE_PREFIX_PATH=/workspaces/isaac_ros-dev/install/isaac_ros_common:/usr/local/libcudss-linux-0.3.0.9_cuda12-archive:/opt/ros/humble LD_LIBRARY_PATH=/workspaces/isaac_ros-dev/install/isaac_ros_common/lib:${LD_LIBRARY_PATH} PATH=/workspaces/isaac_ros-dev/install/isaac_ros_common/bin:${PATH} PYTHONPATH=/workspaces/isaac_ros-dev/install/isaac_ros_common/local/lib/python3.10/dist-packages:${PYTHONPATH} /usr/bin/cmake --build /workspaces/isaac_ros-dev/build/isaac_ros_bi3d_interfaces -- -j16 -l16
[0.675s] Invoking command in '/workspaces/isaac_ros-dev/build/isaac_ros_bi3d_interfaces': AMENT_PREFIX_PATH=/workspaces/isaac_ros-dev/install/isaac_ros_common:${AMENT_PREFIX_PATH} CMAKE_PREFIX_PATH=/workspaces/isaac_ros-dev/install/isaac_ros_common:/usr/local/libcudss-linux-0.3.0.9_cuda12-archive:/opt/ros/humble LD_LIBRARY_PATH=/workspaces/isaac_ros-dev/install/isaac_ros_common/lib:${LD_LIBRARY_PATH} PATH=/workspaces/isaac_ros-dev/install/isaac_ros_common/bin:${PATH} PYTHONPATH=/workspaces/isaac_ros-dev/install/isaac_ros_common/local/lib/python3.10/dist-packages:${PYTHONPATH} /usr/bin/cmake --install /workspaces/isaac_ros-dev/build/isaac_ros_bi3d_interfaces
[0.685s] -- Install configuration: "Release"
[0.685s] -- Up-to-date: /workspaces/isaac_ros-dev/install/isaac_ros_bi3d_interfaces/share/ament_index/resource_index/rosidl_interfaces/isaac_ros_bi3d_interfaces
[0.686s] -- Up-to-date: /workspaces/isaac_ros-dev/install/isaac_ros_bi3d_interfaces/include/isaac_ros_bi3d_interfaces/isaac_ros_bi3d_interfaces
[0.686s] -- Up-to-date: /workspaces/isaac_ros-dev/install/isaac_ros_bi3d_interfaces/include/isaac_ros_bi3d_interfaces/isaac_ros_bi3d_interfaces/msg
[0.686s] -- Up-to-date: /workspaces/isaac_ros-dev/install/isaac_ros_bi3d_interfaces/include/isaac_ros_bi3d_interfaces/isaac_ros_bi3d_interfaces/msg/rosidl_generator_c__visibility_control.h
[0.686s] -- Up-to-date: /workspaces/isaac_ros-dev/install/isaac_ros_bi3d_interfaces/include/isaac_ros_bi3d_interfaces/isaac_ros_bi3d_interfaces/msg/bi3_d_inference_parameters_array.h
[0.686s] -- Up-to-date: /workspaces/isaac_ros-dev/install/isaac_ros_bi3d_interfaces/include/isaac_ros_bi3d_interfaces/isaac_ros_bi3d_interfaces/msg/detail
[0.686s] -- Up-to-date: /workspaces/isaac_ros-dev/install/isaac_ros_bi3d_interfaces/include/isaac_ros_bi3d_interfaces/isaac_ros_bi3d_interfaces/msg/detail/bi3_d_inference_parameters_array__functions.c
[0.686s] -- Up-to-date: /workspaces/isaac_ros-dev/install/isaac_ros_bi3d_interfaces/include/isaac_ros_bi3d_interfaces/isaac_ros_bi3d_interfaces/msg/detail/bi3_d_inference_parameters_array__struct.h
[0.686s] -- Up-to-date: /workspaces/isaac_ros-dev/install/isaac_ros_bi3d_interfaces/include/isaac_ros_bi3d_interfaces/isaac_ros_bi3d_interfaces/msg/detail/bi3_d_inference_parameters_array__type_support.h
[0.686s] -- Up-to-date: /workspaces/isaac_ros-dev/install/isaac_ros_bi3d_interfaces/include/isaac_ros_bi3d_interfaces/isaac_ros_bi3d_interfaces/msg/detail/bi3_d_inference_parameters_array__functions.h
[0.686s] -- Up-to-date: /workspaces/isaac_ros-dev/install/isaac_ros_bi3d_interfaces/share/isaac_ros_bi3d_interfaces/environment/library_path.sh
[0.686s] -- Up-to-date: /workspaces/isaac_ros-dev/install/isaac_ros_bi3d_interfaces/share/isaac_ros_bi3d_interfaces/environment/library_path.dsv
[0.687s] -- Up-to-date: /workspaces/isaac_ros-dev/install/isaac_ros_bi3d_interfaces/lib/libisaac_ros_bi3d_interfaces__rosidl_generator_c.so
[0.687s] -- Up-to-date: /workspaces/isaac_ros-dev/install/isaac_ros_bi3d_interfaces/include/isaac_ros_bi3d_interfaces/isaac_ros_bi3d_interfaces
[0.687s] -- Up-to-date: /workspaces/isaac_ros-dev/install/isaac_ros_bi3d_interfaces/include/isaac_ros_bi3d_interfaces/isaac_ros_bi3d_interfaces/msg
[0.687s] -- Up-to-date: /workspaces/isaac_ros-dev/install/isaac_ros_bi3d_interfaces/include/isaac_ros_bi3d_interfaces/isaac_ros_bi3d_interfaces/msg/rosidl_typesupport_fastrtps_c__visibility_control.h
[0.687s] -- Up-to-date: /workspaces/isaac_ros-dev/install/isaac_ros_bi3d_interfaces/include/isaac_ros_bi3d_interfaces/isaac_ros_bi3d_interfaces/msg/detail
[0.687s] -- Up-to-date: /workspaces/isaac_ros-dev/install/isaac_ros_bi3d_interfaces/include/isaac_ros_bi3d_interfaces/isaac_ros_bi3d_interfaces/msg/detail/bi3_d_inference_parameters_array__rosidl_typesupport_fastrtps_c.h
[0.687s] -- Up-to-date: /workspaces/isaac_ros-dev/install/isaac_ros_bi3d_interfaces/lib/libisaac_ros_bi3d_interfaces__rosidl_typesupport_fastrtps_c.so
[0.687s] -- Up-to-date: /workspaces/isaac_ros-dev/install/isaac_ros_bi3d_interfaces/include/isaac_ros_bi3d_interfaces/isaac_ros_bi3d_interfaces
[0.687s] -- Up-to-date: /workspaces/isaac_ros-dev/install/isaac_ros_bi3d_interfaces/include/isaac_ros_bi3d_interfaces/isaac_ros_bi3d_interfaces/msg
[0.688s] -- Up-to-date: /workspaces/isaac_ros-dev/install/isaac_ros_bi3d_interfaces/include/isaac_ros_bi3d_interfaces/isaac_ros_bi3d_interfaces/msg/rosidl_typesupport_introspection_c__visibility_control.h
[0.688s] -- Up-to-date: /workspaces/isaac_ros-dev/install/isaac_ros_bi3d_interfaces/include/isaac_ros_bi3d_interfaces/isaac_ros_bi3d_interfaces/msg/detail
[0.688s] -- Up-to-date: /workspaces/isaac_ros-dev/install/isaac_ros_bi3d_interfaces/include/isaac_ros_bi3d_interfaces/isaac_ros_bi3d_interfaces/msg/detail/bi3_d_inference_parameters_array__rosidl_typesupport_introspection_c.h
[0.688s] -- Up-to-date: /workspaces/isaac_ros-dev/install/isaac_ros_bi3d_interfaces/include/isaac_ros_bi3d_interfaces/isaac_ros_bi3d_interfaces/msg/detail/bi3_d_inference_parameters_array__type_support.c
[0.688s] -- Up-to-date: /workspaces/isaac_ros-dev/install/isaac_ros_bi3d_interfaces/lib/libisaac_ros_bi3d_interfaces__rosidl_typesupport_introspection_c.so
[0.689s] -- Up-to-date: /workspaces/isaac_ros-dev/install/isaac_ros_bi3d_interfaces/lib/libisaac_ros_bi3d_interfaces__rosidl_typesupport_c.so
[0.689s] -- Up-to-date: /workspaces/isaac_ros-dev/install/isaac_ros_bi3d_interfaces/include/isaac_ros_bi3d_interfaces/isaac_ros_bi3d_interfaces
[0.689s] -- Up-to-date: /workspaces/isaac_ros-dev/install/isaac_ros_bi3d_interfaces/include/isaac_ros_bi3d_interfaces/isaac_ros_bi3d_interfaces/msg
[0.689s] -- Up-to-date: /workspaces/isaac_ros-dev/install/isaac_ros_bi3d_interfaces/include/isaac_ros_bi3d_interfaces/isaac_ros_bi3d_interfaces/msg/rosidl_generator_cpp__visibility_control.hpp
[0.689s] -- Up-to-date: /workspaces/isaac_ros-dev/install/isaac_ros_bi3d_interfaces/include/isaac_ros_bi3d_interfaces/isaac_ros_bi3d_interfaces/msg/bi3_d_inference_parameters_array.hpp
[0.689s] -- Up-to-date: /workspaces/isaac_ros-dev/install/isaac_ros_bi3d_interfaces/include/isaac_ros_bi3d_interfaces/isaac_ros_bi3d_interfaces/msg/detail
[0.689s] -- Up-to-date: /workspaces/isaac_ros-dev/install/isaac_ros_bi3d_interfaces/include/isaac_ros_bi3d_interfaces/isaac_ros_bi3d_interfaces/msg/detail/bi3_d_inference_parameters_array__traits.hpp
[0.689s] -- Up-to-date: /workspaces/isaac_ros-dev/install/isaac_ros_bi3d_interfaces/include/isaac_ros_bi3d_interfaces/isaac_ros_bi3d_interfaces/msg/detail/bi3_d_inference_parameters_array__type_support.hpp
[0.689s] -- Up-to-date: /workspaces/isaac_ros-dev/install/isaac_ros_bi3d_interfaces/include/isaac_ros_bi3d_interfaces/isaac_ros_bi3d_interfaces/msg/detail/bi3_d_inference_parameters_array__struct.hpp
[0.689s] -- Up-to-date: /workspaces/isaac_ros-dev/install/isaac_ros_bi3d_interfaces/include/isaac_ros_bi3d_interfaces/isaac_ros_bi3d_interfaces/msg/detail/bi3_d_inference_parameters_array__builder.hpp
[0.690s] -- Up-to-date: /workspaces/isaac_ros-dev/install/isaac_ros_bi3d_interfaces/include/isaac_ros_bi3d_interfaces/isaac_ros_bi3d_interfaces
[0.690s] -- Up-to-date: /workspaces/isaac_ros-dev/install/isaac_ros_bi3d_interfaces/include/isaac_ros_bi3d_interfaces/isaac_ros_bi3d_interfaces/msg
[0.690s] -- Up-to-date: /workspaces/isaac_ros-dev/install/isaac_ros_bi3d_interfaces/include/isaac_ros_bi3d_interfaces/isaac_ros_bi3d_interfaces/msg/rosidl_typesupport_fastrtps_cpp__visibility_control.h
[0.690s] -- Up-to-date: /workspaces/isaac_ros-dev/install/isaac_ros_bi3d_interfaces/include/isaac_ros_bi3d_interfaces/isaac_ros_bi3d_interfaces/msg/detail
[0.690s] -- Up-to-date: /workspaces/isaac_ros-dev/install/isaac_ros_bi3d_interfaces/include/isaac_ros_bi3d_interfaces/isaac_ros_bi3d_interfaces/msg/detail/dds_fastrtps
[0.690s] -- Up-to-date: /workspaces/isaac_ros-dev/install/isaac_ros_bi3d_interfaces/include/isaac_ros_bi3d_interfaces/isaac_ros_bi3d_interfaces/msg/detail/bi3_d_inference_parameters_array__rosidl_typesupport_fastrtps_cpp.hpp
[0.690s] -- Up-to-date: /workspaces/isaac_ros-dev/install/isaac_ros_bi3d_interfaces/lib/libisaac_ros_bi3d_interfaces__rosidl_typesupport_fastrtps_cpp.so
[0.690s] -- Up-to-date: /workspaces/isaac_ros-dev/install/isaac_ros_bi3d_interfaces/include/isaac_ros_bi3d_interfaces/isaac_ros_bi3d_interfaces
[0.690s] -- Up-to-date: /workspaces/isaac_ros-dev/install/isaac_ros_bi3d_interfaces/include/isaac_ros_bi3d_interfaces/isaac_ros_bi3d_interfaces/msg
[0.690s] -- Up-to-date: /workspaces/isaac_ros-dev/install/isaac_ros_bi3d_interfaces/include/isaac_ros_bi3d_interfaces/isaac_ros_bi3d_interfaces/msg/detail
[0.690s] -- Up-to-date: /workspaces/isaac_ros-dev/install/isaac_ros_bi3d_interfaces/include/isaac_ros_bi3d_interfaces/isaac_ros_bi3d_interfaces/msg/detail/bi3_d_inference_parameters_array__type_support.cpp
[0.690s] -- Up-to-date: /workspaces/isaac_ros-dev/install/isaac_ros_bi3d_interfaces/include/isaac_ros_bi3d_interfaces/isaac_ros_bi3d_interfaces/msg/detail/bi3_d_inference_parameters_array__rosidl_typesupport_introspection_cpp.hpp
[0.690s] -- Up-to-date: /workspaces/isaac_ros-dev/install/isaac_ros_bi3d_interfaces/lib/libisaac_ros_bi3d_interfaces__rosidl_typesupport_introspection_cpp.so
[0.691s] -- Up-to-date: /workspaces/isaac_ros-dev/install/isaac_ros_bi3d_interfaces/lib/libisaac_ros_bi3d_interfaces__rosidl_typesupport_cpp.so
[0.691s] -- Up-to-date: /workspaces/isaac_ros-dev/install/isaac_ros_bi3d_interfaces/share/isaac_ros_bi3d_interfaces/environment/pythonpath.sh
[0.691s] -- Up-to-date: /workspaces/isaac_ros-dev/install/isaac_ros_bi3d_interfaces/share/isaac_ros_bi3d_interfaces/environment/pythonpath.dsv
[0.691s] -- Up-to-date: /workspaces/isaac_ros-dev/install/isaac_ros_bi3d_interfaces/local/lib/python3.10/dist-packages/isaac_ros_bi3d_interfaces-3.2.5-py3.10.egg-info
[0.691s] -- Installing: /workspaces/isaac_ros-dev/install/isaac_ros_bi3d_interfaces/local/lib/python3.10/dist-packages/isaac_ros_bi3d_interfaces-3.2.5-py3.10.egg-info/top_level.txt
[0.692s] -- Installing: /workspaces/isaac_ros-dev/install/isaac_ros_bi3d_interfaces/local/lib/python3.10/dist-packages/isaac_ros_bi3d_interfaces-3.2.5-py3.10.egg-info/SOURCES.txt
[0.692s] -- Installing: /workspaces/isaac_ros-dev/install/isaac_ros_bi3d_interfaces/local/lib/python3.10/dist-packages/isaac_ros_bi3d_interfaces-3.2.5-py3.10.egg-info/dependency_links.txt
[0.692s] -- Installing: /workspaces/isaac_ros-dev/install/isaac_ros_bi3d_interfaces/local/lib/python3.10/dist-packages/isaac_ros_bi3d_interfaces-3.2.5-py3.10.egg-info/PKG-INFO
[0.692s] -- Up-to-date: /workspaces/isaac_ros-dev/install/isaac_ros_bi3d_interfaces/local/lib/python3.10/dist-packages/isaac_ros_bi3d_interfaces
[0.692s] -- Up-to-date: /workspaces/isaac_ros-dev/install/isaac_ros_bi3d_interfaces/local/lib/python3.10/dist-packages/isaac_ros_bi3d_interfaces/_isaac_ros_bi3d_interfaces_s.ep.rosidl_typesupport_c.c
[0.692s] -- Up-to-date: /workspaces/isaac_ros-dev/install/isaac_ros_bi3d_interfaces/local/lib/python3.10/dist-packages/isaac_ros_bi3d_interfaces/isaac_ros_bi3d_interfaces_s__rosidl_typesupport_c.cpython-310-x86_64-linux-gnu.so
[0.692s] -- Up-to-date: /workspaces/isaac_ros-dev/install/isaac_ros_bi3d_interfaces/local/lib/python3.10/dist-packages/isaac_ros_bi3d_interfaces/_isaac_ros_bi3d_interfaces_s.ep.rosidl_typesupport_fastrtps_c.c
[0.692s] -- Up-to-date: /workspaces/isaac_ros-dev/install/isaac_ros_bi3d_interfaces/local/lib/python3.10/dist-packages/isaac_ros_bi3d_interfaces/isaac_ros_bi3d_interfaces_s__rosidl_typesupport_fastrtps_c.cpython-310-x86_64-linux-gnu.so
[0.692s] -- Up-to-date: /workspaces/isaac_ros-dev/install/isaac_ros_bi3d_interfaces/local/lib/python3.10/dist-packages/isaac_ros_bi3d_interfaces/isaac_ros_bi3d_interfaces_s__rosidl_typesupport_introspection_c.cpython-310-x86_64-linux-gnu.so
[0.693s] -- Up-to-date: /workspaces/isaac_ros-dev/install/isaac_ros_bi3d_interfaces/local/lib/python3.10/dist-packages/isaac_ros_bi3d_interfaces/_isaac_ros_bi3d_interfaces_s.ep.rosidl_typesupport_introspection_c.c
[0.693s] -- Up-to-date: /workspaces/isaac_ros-dev/install/isaac_ros_bi3d_interfaces/local/lib/python3.10/dist-packages/isaac_ros_bi3d_interfaces/msg
[0.693s] -- Up-to-date: /workspaces/isaac_ros-dev/install/isaac_ros_bi3d_interfaces/local/lib/python3.10/dist-packages/isaac_ros_bi3d_interfaces/msg/_bi3_d_inference_parameters_array.py
[0.693s] -- Up-to-date: /workspaces/isaac_ros-dev/install/isaac_ros_bi3d_interfaces/local/lib/python3.10/dist-packages/isaac_ros_bi3d_interfaces/msg/__init__.py
[0.693s] -- Up-to-date: /workspaces/isaac_ros-dev/install/isaac_ros_bi3d_interfaces/local/lib/python3.10/dist-packages/isaac_ros_bi3d_interfaces/msg/_bi3_d_inference_parameters_array_s.c
[0.693s] -- Up-to-date: /workspaces/isaac_ros-dev/install/isaac_ros_bi3d_interfaces/local/lib/python3.10/dist-packages/isaac_ros_bi3d_interfaces/__init__.py
[0.693s] -- Up-to-date: /workspaces/isaac_ros-dev/install/isaac_ros_bi3d_interfaces/local/lib/python3.10/dist-packages/isaac_ros_bi3d_interfaces/libisaac_ros_bi3d_interfaces__rosidl_generator_py.so
[0.713s] Listing '/workspaces/isaac_ros-dev/install/isaac_ros_bi3d_interfaces/local/lib/python3.10/dist-packages/isaac_ros_bi3d_interfaces'...
[0.713s] Listing '/workspaces/isaac_ros-dev/install/isaac_ros_bi3d_interfaces/local/lib/python3.10/dist-packages/isaac_ros_bi3d_interfaces/msg'...
[0.718s] -- Up-to-date: /workspaces/isaac_ros-dev/install/isaac_ros_bi3d_interfaces/local/lib/python3.10/dist-packages/isaac_ros_bi3d_interfaces/isaac_ros_bi3d_interfaces_s__rosidl_typesupport_fastrtps_c.cpython-310-x86_64-linux-gnu.so
[0.718s] -- Up-to-date: /workspaces/isaac_ros-dev/install/isaac_ros_bi3d_interfaces/local/lib/python3.10/dist-packages/isaac_ros_bi3d_interfaces/isaac_ros_bi3d_interfaces_s__rosidl_typesupport_introspection_c.cpython-310-x86_64-linux-gnu.so
[0.719s] -- Up-to-date: /workspaces/isaac_ros-dev/install/isaac_ros_bi3d_interfaces/local/lib/python3.10/dist-packages/isaac_ros_bi3d_interfaces/isaac_ros_bi3d_interfaces_s__rosidl_typesupport_c.cpython-310-x86_64-linux-gnu.so
[0.719s] -- Up-to-date: /workspaces/isaac_ros-dev/install/isaac_ros_bi3d_interfaces/lib/libisaac_ros_bi3d_interfaces__rosidl_generator_py.so
[0.719s] -- Up-to-date: /workspaces/isaac_ros-dev/install/isaac_ros_bi3d_interfaces/share/isaac_ros_bi3d_interfaces/msg/Bi3DInferenceParametersArray.idl
[0.719s] -- Up-to-date: /workspaces/isaac_ros-dev/install/isaac_ros_bi3d_interfaces/share/isaac_ros_bi3d_interfaces/msg/Bi3DInferenceParametersArray.msg
[0.720s] -- Up-to-date: /workspaces/isaac_ros-dev/install/isaac_ros_bi3d_interfaces/share/isaac_ros_bi3d_interfaces/version_info.yaml
[0.720s] -- Up-to-date: /workspaces/isaac_ros-dev/install/isaac_ros_bi3d_interfaces/share/ament_index/resource_index/package_run_dependencies/isaac_ros_bi3d_interfaces
[0.720s] -- Up-to-date: /workspaces/isaac_ros-dev/install/isaac_ros_bi3d_interfaces/share/ament_index/resource_index/parent_prefix_path/isaac_ros_bi3d_interfaces
[0.721s] -- Up-to-date: /workspaces/isaac_ros-dev/install/isaac_ros_bi3d_interfaces/share/isaac_ros_bi3d_interfaces/environment/ament_prefix_path.sh
[0.721s] -- Up-to-date: /workspaces/isaac_ros-dev/install/isaac_ros_bi3d_interfaces/share/isaac_ros_bi3d_interfaces/environment/ament_prefix_path.dsv
[0.721s] -- Up-to-date: /workspaces/isaac_ros-dev/install/isaac_ros_bi3d_interfaces/share/isaac_ros_bi3d_interfaces/environment/path.sh
[0.721s] -- Up-to-date: /workspaces/isaac_ros-dev/install/isaac_ros_bi3d_interfaces/share/isaac_ros_bi3d_interfaces/environment/path.dsv
[0.721s] -- Up-to-date: /workspaces/isaac_ros-dev/install/isaac_ros_bi3d_interfaces/share/isaac_ros_bi3d_interfaces/local_setup.bash
[0.721s] -- Up-to-date: /workspaces/isaac_ros-dev/install/isaac_ros_bi3d_interfaces/share/isaac_ros_bi3d_interfaces/local_setup.sh
[0.721s] -- Up-to-date: /workspaces/isaac_ros-dev/install/isaac_ros_bi3d_interfaces/share/isaac_ros_bi3d_interfaces/local_setup.zsh
[0.721s] -- Up-to-date: /workspaces/isaac_ros-dev/install/isaac_ros_bi3d_interfaces/share/isaac_ros_bi3d_interfaces/local_setup.dsv
[0.721s] -- Installing: /workspaces/isaac_ros-dev/install/isaac_ros_bi3d_interfaces/share/isaac_ros_bi3d_interfaces/package.dsv
[0.721s] -- Up-to-date: /workspaces/isaac_ros-dev/install/isaac_ros_bi3d_interfaces/share/ament_index/resource_index/packages/isaac_ros_bi3d_interfaces
[0.721s] -- Up-to-date: /workspaces/isaac_ros-dev/install/isaac_ros_bi3d_interfaces/share/isaac_ros_bi3d_interfaces/cmake/export_isaac_ros_bi3d_interfaces__rosidl_generator_cExport.cmake
[0.722s] -- Up-to-date: /workspaces/isaac_ros-dev/install/isaac_ros_bi3d_interfaces/share/isaac_ros_bi3d_interfaces/cmake/export_isaac_ros_bi3d_interfaces__rosidl_generator_cExport-release.cmake
[0.722s] -- Up-to-date: /workspaces/isaac_ros-dev/install/isaac_ros_bi3d_interfaces/share/isaac_ros_bi3d_interfaces/cmake/export_isaac_ros_bi3d_interfaces__rosidl_typesupport_fastrtps_cExport.cmake
[0.722s] -- Up-to-date: /workspaces/isaac_ros-dev/install/isaac_ros_bi3d_interfaces/share/isaac_ros_bi3d_interfaces/cmake/export_isaac_ros_bi3d_interfaces__rosidl_typesupport_fastrtps_cExport-release.cmake
[0.722s] -- Up-to-date: /workspaces/isaac_ros-dev/install/isaac_ros_bi3d_interfaces/share/isaac_ros_bi3d_interfaces/cmake/isaac_ros_bi3d_interfaces__rosidl_typesupport_introspection_cExport.cmake
[0.722s] -- Up-to-date: /workspaces/isaac_ros-dev/install/isaac_ros_bi3d_interfaces/share/isaac_ros_bi3d_interfaces/cmake/isaac_ros_bi3d_interfaces__rosidl_typesupport_introspection_cExport-release.cmake
[0.722s] -- Up-to-date: /workspaces/isaac_ros-dev/install/isaac_ros_bi3d_interfaces/share/isaac_ros_bi3d_interfaces/cmake/isaac_ros_bi3d_interfaces__rosidl_typesupport_cExport.cmake
[0.722s] -- Up-to-date: /workspaces/isaac_ros-dev/install/isaac_ros_bi3d_interfaces/share/isaac_ros_bi3d_interfaces/cmake/isaac_ros_bi3d_interfaces__rosidl_typesupport_cExport-release.cmake
[0.722s] -- Up-to-date: /workspaces/isaac_ros-dev/install/isaac_ros_bi3d_interfaces/share/isaac_ros_bi3d_interfaces/cmake/export_isaac_ros_bi3d_interfaces__rosidl_generator_cppExport.cmake
[0.723s] -- Up-to-date: /workspaces/isaac_ros-dev/install/isaac_ros_bi3d_interfaces/share/isaac_ros_bi3d_interfaces/cmake/export_isaac_ros_bi3d_interfaces__rosidl_typesupport_fastrtps_cppExport.cmake
[0.723s] -- Up-to-date: /workspaces/isaac_ros-dev/install/isaac_ros_bi3d_interfaces/share/isaac_ros_bi3d_interfaces/cmake/export_isaac_ros_bi3d_interfaces__rosidl_typesupport_fastrtps_cppExport-release.cmake
[0.724s] -- Up-to-date: /workspaces/isaac_ros-dev/install/isaac_ros_bi3d_interfaces/share/isaac_ros_bi3d_interfaces/cmake/isaac_ros_bi3d_interfaces__rosidl_typesupport_introspection_cppExport.cmake
[0.724s] -- Up-to-date: /workspaces/isaac_ros-dev/install/isaac_ros_bi3d_interfaces/share/isaac_ros_bi3d_interfaces/cmake/isaac_ros_bi3d_interfaces__rosidl_typesupport_introspection_cppExport-release.cmake
[0.724s] -- Up-to-date: /workspaces/isaac_ros-dev/install/isaac_ros_bi3d_interfaces/share/isaac_ros_bi3d_interfaces/cmake/isaac_ros_bi3d_interfaces__rosidl_typesupport_cppExport.cmake
[0.724s] -- Up-to-date: /workspaces/isaac_ros-dev/install/isaac_ros_bi3d_interfaces/share/isaac_ros_bi3d_interfaces/cmake/isaac_ros_bi3d_interfaces__rosidl_typesupport_cppExport-release.cmake
[0.724s] -- Up-to-date: /workspaces/isaac_ros-dev/install/isaac_ros_bi3d_interfaces/share/isaac_ros_bi3d_interfaces/cmake/export_isaac_ros_bi3d_interfaces__rosidl_generator_pyExport.cmake
[0.724s] -- Up-to-date: /workspaces/isaac_ros-dev/install/isaac_ros_bi3d_interfaces/share/isaac_ros_bi3d_interfaces/cmake/export_isaac_ros_bi3d_interfaces__rosidl_generator_pyExport-release.cmake
[0.724s] -- Up-to-date: /workspaces/isaac_ros-dev/install/isaac_ros_bi3d_interfaces/share/isaac_ros_bi3d_interfaces/cmake/rosidl_cmake-extras.cmake
[0.724s] -- Up-to-date: /workspaces/isaac_ros-dev/install/isaac_ros_bi3d_interfaces/share/isaac_ros_bi3d_interfaces/cmake/ament_cmake_export_dependencies-extras.cmake
[0.724s] -- Up-to-date: /workspaces/isaac_ros-dev/install/isaac_ros_bi3d_interfaces/share/isaac_ros_bi3d_interfaces/cmake/ament_cmake_export_include_directories-extras.cmake
[0.724s] -- Up-to-date: /workspaces/isaac_ros-dev/install/isaac_ros_bi3d_interfaces/share/isaac_ros_bi3d_interfaces/cmake/ament_cmake_export_libraries-extras.cmake
[0.724s] -- Up-to-date: /workspaces/isaac_ros-dev/install/isaac_ros_bi3d_interfaces/share/isaac_ros_bi3d_interfaces/cmake/ament_cmake_export_targets-extras.cmake
[0.724s] -- Up-to-date: /workspaces/isaac_ros-dev/install/isaac_ros_bi3d_interfaces/share/isaac_ros_bi3d_interfaces/cmake/rosidl_cmake_export_typesupport_targets-extras.cmake
[0.724s] -- Up-to-date: /workspaces/isaac_ros-dev/install/isaac_ros_bi3d_interfaces/share/isaac_ros_bi3d_interfaces/cmake/rosidl_cmake_export_typesupport_libraries-extras.cmake
[0.725s] -- Up-to-date: /workspaces/isaac_ros-dev/install/isaac_ros_bi3d_interfaces/share/isaac_ros_bi3d_interfaces/cmake/isaac_ros_bi3d_interfacesConfig.cmake
[0.725s] -- Up-to-date: /workspaces/isaac_ros-dev/install/isaac_ros_bi3d_interfaces/share/isaac_ros_bi3d_interfaces/cmake/isaac_ros_bi3d_interfacesConfig-version.cmake
[0.725s] -- Up-to-date: /workspaces/isaac_ros-dev/install/isaac_ros_bi3d_interfaces/share/isaac_ros_bi3d_interfaces/package.xml
[0.751s] Invoked command in '/workspaces/isaac_ros-dev/build/isaac_ros_bi3d_interfaces' returned '0': AMENT_PREFIX_PATH=/workspaces/isaac_ros-dev/install/isaac_ros_common:${AMENT_PREFIX_PATH} CMAKE_PREFIX_PATH=/workspaces/isaac_ros-dev/install/isaac_ros_common:/usr/local/libcudss-linux-0.3.0.9_cuda12-archive:/opt/ros/humble LD_LIBRARY_PATH=/workspaces/isaac_ros-dev/install/isaac_ros_common/lib:${LD_LIBRARY_PATH} PATH=/workspaces/isaac_ros-dev/install/isaac_ros_common/bin:${PATH} PYTHONPATH=/workspaces/isaac_ros-dev/install/isaac_ros_common/local/lib/python3.10/dist-packages:${PYTHONPATH} /usr/bin/cmake --install /workspaces/isaac_ros-dev/build/isaac_ros_bi3d_interfaces
